
 /----------------------------------------------------------------------------\
 |                                                                            |
 |  yosys -- Yosys Open SYnthesis Suite                                       |
 |                                                                            |
 |  Copyright (C) 2012 - 2020  Claire Wolf <claire@symbioticeda.com>          |
 |                                                                            |
 |  Permission to use, copy, modify, and/or distribute this software for any  |
 |  purpose with or without fee is hereby granted, provided that the above    |
 |  copyright notice and this permission notice appear in all copies.         |
 |                                                                            |
 |  THE SOFTWARE IS PROVIDED "AS IS" AND THE AUTHOR DISCLAIMS ALL WARRANTIES  |
 |  WITH REGARD TO THIS SOFTWARE INCLUDING ALL IMPLIED WARRANTIES OF          |
 |  MERCHANTABILITY AND FITNESS. IN NO EVENT SHALL THE AUTHOR BE LIABLE FOR   |
 |  ANY SPECIAL, DIRECT, INDIRECT, OR CONSEQUENTIAL DAMAGES OR ANY DAMAGES    |
 |  WHATSOEVER RESULTING FROM LOSS OF USE, DATA OR PROFITS, WHETHER IN AN     |
 |  ACTION OF CONTRACT, NEGLIGENCE OR OTHER TORTIOUS ACTION, ARISING OUT OF   |
 |  OR IN CONNECTION WITH THE USE OR PERFORMANCE OF THIS SOFTWARE.            |
 |                                                                            |
 \----------------------------------------------------------------------------/

 Yosys 0.9+4008 (git sha1 cae905f5, clang 7.0.1-8+deb10u2 -fPIC -Os)


-- Parsing `comparador.v' using frontend `verilog' --

1. Executing Verilog-2005 frontend: comparador.v
Parsing Verilog input from `comparador.v' to AST representation.
Generating RTLIL representation for module `\comparador'.
Successfully finished Verilog frontend.

-- Running command `synth_ice40 -json top.json' --

2. Executing SYNTH_ICE40 pass.

2.1. Executing Verilog-2005 frontend: /usr/local/bin/../share/yosys/ice40/cells_sim.v
Parsing Verilog input from `/usr/local/bin/../share/yosys/ice40/cells_sim.v' to AST representation.
Generating RTLIL representation for module `\SB_IO'.
Generating RTLIL representation for module `\SB_GB_IO'.
Generating RTLIL representation for module `\SB_GB'.
Generating RTLIL representation for module `\SB_LUT4'.
Generating RTLIL representation for module `\SB_CARRY'.
Generating RTLIL representation for module `\SB_DFF'.
Generating RTLIL representation for module `\SB_DFFE'.
Generating RTLIL representation for module `\SB_DFFSR'.
Generating RTLIL representation for module `\SB_DFFR'.
Generating RTLIL representation for module `\SB_DFFSS'.
Generating RTLIL representation for module `\SB_DFFS'.
Generating RTLIL representation for module `\SB_DFFESR'.
Generating RTLIL representation for module `\SB_DFFER'.
Generating RTLIL representation for module `\SB_DFFESS'.
Generating RTLIL representation for module `\SB_DFFES'.
Generating RTLIL representation for module `\SB_DFFN'.
Generating RTLIL representation for module `\SB_DFFNE'.
Generating RTLIL representation for module `\SB_DFFNSR'.
Generating RTLIL representation for module `\SB_DFFNR'.
Generating RTLIL representation for module `\SB_DFFNSS'.
Generating RTLIL representation for module `\SB_DFFNS'.
Generating RTLIL representation for module `\SB_DFFNESR'.
Generating RTLIL representation for module `\SB_DFFNER'.
Generating RTLIL representation for module `\SB_DFFNESS'.
Generating RTLIL representation for module `\SB_DFFNES'.
Generating RTLIL representation for module `\SB_RAM40_4K'.
Generating RTLIL representation for module `\SB_RAM40_4KNR'.
Generating RTLIL representation for module `\SB_RAM40_4KNW'.
Generating RTLIL representation for module `\SB_RAM40_4KNRNW'.
Generating RTLIL representation for module `\ICESTORM_LC'.
Generating RTLIL representation for module `\SB_PLL40_CORE'.
Generating RTLIL representation for module `\SB_PLL40_PAD'.
Generating RTLIL representation for module `\SB_PLL40_2_PAD'.
Generating RTLIL representation for module `\SB_PLL40_2F_CORE'.
Generating RTLIL representation for module `\SB_PLL40_2F_PAD'.
Generating RTLIL representation for module `\SB_WARMBOOT'.
Generating RTLIL representation for module `\SB_SPRAM256KA'.
Generating RTLIL representation for module `\SB_HFOSC'.
Generating RTLIL representation for module `\SB_LFOSC'.
Generating RTLIL representation for module `\SB_RGBA_DRV'.
Generating RTLIL representation for module `\SB_LED_DRV_CUR'.
Generating RTLIL representation for module `\SB_RGB_DRV'.
Generating RTLIL representation for module `\SB_I2C'.
Generating RTLIL representation for module `\SB_SPI'.
Generating RTLIL representation for module `\SB_LEDDA_IP'.
Generating RTLIL representation for module `\SB_FILTER_50NS'.
Generating RTLIL representation for module `\SB_IO_I3C'.
Generating RTLIL representation for module `\SB_IO_OD'.
Generating RTLIL representation for module `\SB_MAC16'.
Generating RTLIL representation for module `\ICESTORM_RAM'.
Successfully finished Verilog frontend.

2.2. Executing HIERARCHY pass (managing design hierarchy).

2.2.1. Finding top of design hierarchy..
root of   0 design levels: comparador          
Automatically selected comparador as design top module.

2.2.2. Analyzing design hierarchy..
Top module:  \comparador

2.2.3. Analyzing design hierarchy..
Top module:  \comparador
Removed 0 unused modules.

2.3. Executing PROC pass (convert processes to netlists).

2.3.1. Executing PROC_CLEAN pass (remove empty switches from decision trees).
Cleaned up 0 empty switches.

2.3.2. Executing PROC_RMDEAD pass (remove dead branches from decision trees).
Marked 1 switch rules as full_case in process $proc$/usr/local/bin/../share/yosys/ice40/cells_sim.v:1330$247 in module SB_DFFNES.
Marked 1 switch rules as full_case in process $proc$/usr/local/bin/../share/yosys/ice40/cells_sim.v:1274$240 in module SB_DFFNESS.
Marked 1 switch rules as full_case in process $proc$/usr/local/bin/../share/yosys/ice40/cells_sim.v:1199$236 in module SB_DFFNER.
Marked 1 switch rules as full_case in process $proc$/usr/local/bin/../share/yosys/ice40/cells_sim.v:1143$229 in module SB_DFFNESR.
Marked 1 switch rules as full_case in process $proc$/usr/local/bin/../share/yosys/ice40/cells_sim.v:1074$226 in module SB_DFFNS.
Marked 1 switch rules as full_case in process $proc$/usr/local/bin/../share/yosys/ice40/cells_sim.v:1026$223 in module SB_DFFNSS.
Marked 1 switch rules as full_case in process $proc$/usr/local/bin/../share/yosys/ice40/cells_sim.v:957$220 in module SB_DFFNR.
Marked 1 switch rules as full_case in process $proc$/usr/local/bin/../share/yosys/ice40/cells_sim.v:909$217 in module SB_DFFNSR.
Marked 1 switch rules as full_case in process $proc$/usr/local/bin/../share/yosys/ice40/cells_sim.v:753$209 in module SB_DFFES.
Marked 1 switch rules as full_case in process $proc$/usr/local/bin/../share/yosys/ice40/cells_sim.v:697$202 in module SB_DFFESS.
Marked 1 switch rules as full_case in process $proc$/usr/local/bin/../share/yosys/ice40/cells_sim.v:622$198 in module SB_DFFER.
Marked 1 switch rules as full_case in process $proc$/usr/local/bin/../share/yosys/ice40/cells_sim.v:566$191 in module SB_DFFESR.
Marked 1 switch rules as full_case in process $proc$/usr/local/bin/../share/yosys/ice40/cells_sim.v:497$188 in module SB_DFFS.
Marked 1 switch rules as full_case in process $proc$/usr/local/bin/../share/yosys/ice40/cells_sim.v:449$185 in module SB_DFFSS.
Marked 1 switch rules as full_case in process $proc$/usr/local/bin/../share/yosys/ice40/cells_sim.v:380$182 in module SB_DFFR.
Marked 1 switch rules as full_case in process $proc$/usr/local/bin/../share/yosys/ice40/cells_sim.v:332$179 in module SB_DFFSR.
Removed a total of 0 dead cases.

2.3.3. Executing PROC_PRUNE pass (remove redundant assignments in processes).
Removed 8 redundant assignments.
Promoted 22 assignments to connections.

2.3.4. Executing PROC_INIT pass (extract init attributes).
Found init rule in `\SB_DFFNES.$proc$/usr/local/bin/../share/yosys/ice40/cells_sim.v:0$250'.
  Set init value: \Q = 1'0
Found init rule in `\SB_DFFNESS.$proc$/usr/local/bin/../share/yosys/ice40/cells_sim.v:0$246'.
  Set init value: \Q = 1'0
Found init rule in `\SB_DFFNER.$proc$/usr/local/bin/../share/yosys/ice40/cells_sim.v:0$239'.
  Set init value: \Q = 1'0
Found init rule in `\SB_DFFNESR.$proc$/usr/local/bin/../share/yosys/ice40/cells_sim.v:0$235'.
  Set init value: \Q = 1'0
Found init rule in `\SB_DFFNS.$proc$/usr/local/bin/../share/yosys/ice40/cells_sim.v:0$228'.
  Set init value: \Q = 1'0
Found init rule in `\SB_DFFNSS.$proc$/usr/local/bin/../share/yosys/ice40/cells_sim.v:0$225'.
  Set init value: \Q = 1'0
Found init rule in `\SB_DFFNR.$proc$/usr/local/bin/../share/yosys/ice40/cells_sim.v:0$222'.
  Set init value: \Q = 1'0
Found init rule in `\SB_DFFNSR.$proc$/usr/local/bin/../share/yosys/ice40/cells_sim.v:0$219'.
  Set init value: \Q = 1'0
Found init rule in `\SB_DFFNE.$proc$/usr/local/bin/../share/yosys/ice40/cells_sim.v:0$216'.
  Set init value: \Q = 1'0
Found init rule in `\SB_DFFN.$proc$/usr/local/bin/../share/yosys/ice40/cells_sim.v:0$214'.
  Set init value: \Q = 1'0
Found init rule in `\SB_DFFES.$proc$/usr/local/bin/../share/yosys/ice40/cells_sim.v:0$212'.
  Set init value: \Q = 1'0
Found init rule in `\SB_DFFESS.$proc$/usr/local/bin/../share/yosys/ice40/cells_sim.v:0$208'.
  Set init value: \Q = 1'0
Found init rule in `\SB_DFFER.$proc$/usr/local/bin/../share/yosys/ice40/cells_sim.v:0$201'.
  Set init value: \Q = 1'0
Found init rule in `\SB_DFFESR.$proc$/usr/local/bin/../share/yosys/ice40/cells_sim.v:0$197'.
  Set init value: \Q = 1'0
Found init rule in `\SB_DFFS.$proc$/usr/local/bin/../share/yosys/ice40/cells_sim.v:0$190'.
  Set init value: \Q = 1'0
Found init rule in `\SB_DFFSS.$proc$/usr/local/bin/../share/yosys/ice40/cells_sim.v:0$187'.
  Set init value: \Q = 1'0
Found init rule in `\SB_DFFR.$proc$/usr/local/bin/../share/yosys/ice40/cells_sim.v:0$184'.
  Set init value: \Q = 1'0
Found init rule in `\SB_DFFSR.$proc$/usr/local/bin/../share/yosys/ice40/cells_sim.v:0$181'.
  Set init value: \Q = 1'0
Found init rule in `\SB_DFFE.$proc$/usr/local/bin/../share/yosys/ice40/cells_sim.v:0$178'.
  Set init value: \Q = 1'0
Found init rule in `\SB_DFF.$proc$/usr/local/bin/../share/yosys/ice40/cells_sim.v:0$176'.
  Set init value: \Q = 1'0

2.3.5. Executing PROC_ARST pass (detect async resets in processes).
Found async reset \S in `\SB_DFFNES.$proc$/usr/local/bin/../share/yosys/ice40/cells_sim.v:1330$247'.
Found async reset \R in `\SB_DFFNER.$proc$/usr/local/bin/../share/yosys/ice40/cells_sim.v:1199$236'.
Found async reset \S in `\SB_DFFNS.$proc$/usr/local/bin/../share/yosys/ice40/cells_sim.v:1074$226'.
Found async reset \R in `\SB_DFFNR.$proc$/usr/local/bin/../share/yosys/ice40/cells_sim.v:957$220'.
Found async reset \S in `\SB_DFFES.$proc$/usr/local/bin/../share/yosys/ice40/cells_sim.v:753$209'.
Found async reset \R in `\SB_DFFER.$proc$/usr/local/bin/../share/yosys/ice40/cells_sim.v:622$198'.
Found async reset \S in `\SB_DFFS.$proc$/usr/local/bin/../share/yosys/ice40/cells_sim.v:497$188'.
Found async reset \R in `\SB_DFFR.$proc$/usr/local/bin/../share/yosys/ice40/cells_sim.v:380$182'.

2.3.6. Executing PROC_MUX pass (convert decision trees to multiplexers).
Creating decoders for process `\SB_DFFNES.$proc$/usr/local/bin/../share/yosys/ice40/cells_sim.v:0$250'.
Creating decoders for process `\SB_DFFNES.$proc$/usr/local/bin/../share/yosys/ice40/cells_sim.v:1330$247'.
     1/1: $0\Q[0:0]
Creating decoders for process `\SB_DFFNESS.$proc$/usr/local/bin/../share/yosys/ice40/cells_sim.v:0$246'.
Creating decoders for process `\SB_DFFNESS.$proc$/usr/local/bin/../share/yosys/ice40/cells_sim.v:1274$240'.
     1/1: $0\Q[0:0]
Creating decoders for process `\SB_DFFNER.$proc$/usr/local/bin/../share/yosys/ice40/cells_sim.v:0$239'.
Creating decoders for process `\SB_DFFNER.$proc$/usr/local/bin/../share/yosys/ice40/cells_sim.v:1199$236'.
     1/1: $0\Q[0:0]
Creating decoders for process `\SB_DFFNESR.$proc$/usr/local/bin/../share/yosys/ice40/cells_sim.v:0$235'.
Creating decoders for process `\SB_DFFNESR.$proc$/usr/local/bin/../share/yosys/ice40/cells_sim.v:1143$229'.
     1/1: $0\Q[0:0]
Creating decoders for process `\SB_DFFNS.$proc$/usr/local/bin/../share/yosys/ice40/cells_sim.v:0$228'.
Creating decoders for process `\SB_DFFNS.$proc$/usr/local/bin/../share/yosys/ice40/cells_sim.v:1074$226'.
     1/1: $0\Q[0:0]
Creating decoders for process `\SB_DFFNSS.$proc$/usr/local/bin/../share/yosys/ice40/cells_sim.v:0$225'.
Creating decoders for process `\SB_DFFNSS.$proc$/usr/local/bin/../share/yosys/ice40/cells_sim.v:1026$223'.
     1/1: $0\Q[0:0]
Creating decoders for process `\SB_DFFNR.$proc$/usr/local/bin/../share/yosys/ice40/cells_sim.v:0$222'.
Creating decoders for process `\SB_DFFNR.$proc$/usr/local/bin/../share/yosys/ice40/cells_sim.v:957$220'.
     1/1: $0\Q[0:0]
Creating decoders for process `\SB_DFFNSR.$proc$/usr/local/bin/../share/yosys/ice40/cells_sim.v:0$219'.
Creating decoders for process `\SB_DFFNSR.$proc$/usr/local/bin/../share/yosys/ice40/cells_sim.v:909$217'.
     1/1: $0\Q[0:0]
Creating decoders for process `\SB_DFFNE.$proc$/usr/local/bin/../share/yosys/ice40/cells_sim.v:0$216'.
Creating decoders for process `\SB_DFFNE.$proc$/usr/local/bin/../share/yosys/ice40/cells_sim.v:866$215'.
     1/1: $0\Q[0:0]
Creating decoders for process `\SB_DFFN.$proc$/usr/local/bin/../share/yosys/ice40/cells_sim.v:0$214'.
Creating decoders for process `\SB_DFFN.$proc$/usr/local/bin/../share/yosys/ice40/cells_sim.v:830$213'.
Creating decoders for process `\SB_DFFES.$proc$/usr/local/bin/../share/yosys/ice40/cells_sim.v:0$212'.
Creating decoders for process `\SB_DFFES.$proc$/usr/local/bin/../share/yosys/ice40/cells_sim.v:753$209'.
     1/1: $0\Q[0:0]
Creating decoders for process `\SB_DFFESS.$proc$/usr/local/bin/../share/yosys/ice40/cells_sim.v:0$208'.
Creating decoders for process `\SB_DFFESS.$proc$/usr/local/bin/../share/yosys/ice40/cells_sim.v:697$202'.
     1/1: $0\Q[0:0]
Creating decoders for process `\SB_DFFER.$proc$/usr/local/bin/../share/yosys/ice40/cells_sim.v:0$201'.
Creating decoders for process `\SB_DFFER.$proc$/usr/local/bin/../share/yosys/ice40/cells_sim.v:622$198'.
     1/1: $0\Q[0:0]
Creating decoders for process `\SB_DFFESR.$proc$/usr/local/bin/../share/yosys/ice40/cells_sim.v:0$197'.
Creating decoders for process `\SB_DFFESR.$proc$/usr/local/bin/../share/yosys/ice40/cells_sim.v:566$191'.
     1/1: $0\Q[0:0]
Creating decoders for process `\SB_DFFS.$proc$/usr/local/bin/../share/yosys/ice40/cells_sim.v:0$190'.
Creating decoders for process `\SB_DFFS.$proc$/usr/local/bin/../share/yosys/ice40/cells_sim.v:497$188'.
     1/1: $0\Q[0:0]
Creating decoders for process `\SB_DFFSS.$proc$/usr/local/bin/../share/yosys/ice40/cells_sim.v:0$187'.
Creating decoders for process `\SB_DFFSS.$proc$/usr/local/bin/../share/yosys/ice40/cells_sim.v:449$185'.
     1/1: $0\Q[0:0]
Creating decoders for process `\SB_DFFR.$proc$/usr/local/bin/../share/yosys/ice40/cells_sim.v:0$184'.
Creating decoders for process `\SB_DFFR.$proc$/usr/local/bin/../share/yosys/ice40/cells_sim.v:380$182'.
     1/1: $0\Q[0:0]
Creating decoders for process `\SB_DFFSR.$proc$/usr/local/bin/../share/yosys/ice40/cells_sim.v:0$181'.
Creating decoders for process `\SB_DFFSR.$proc$/usr/local/bin/../share/yosys/ice40/cells_sim.v:332$179'.
     1/1: $0\Q[0:0]
Creating decoders for process `\SB_DFFE.$proc$/usr/local/bin/../share/yosys/ice40/cells_sim.v:0$178'.
Creating decoders for process `\SB_DFFE.$proc$/usr/local/bin/../share/yosys/ice40/cells_sim.v:289$177'.
     1/1: $0\Q[0:0]
Creating decoders for process `\SB_DFF.$proc$/usr/local/bin/../share/yosys/ice40/cells_sim.v:0$176'.
Creating decoders for process `\SB_DFF.$proc$/usr/local/bin/../share/yosys/ice40/cells_sim.v:253$175'.

2.3.7. Executing PROC_DLATCH pass (convert process syncs to latches).

2.3.8. Executing PROC_DFF pass (convert process syncs to FFs).
Creating register for signal `\SB_DFFNES.\Q' using process `\SB_DFFNES.$proc$/usr/local/bin/../share/yosys/ice40/cells_sim.v:1330$247'.
  created $adff cell `$procdff$431' with negative edge clock and positive level reset.
Creating register for signal `\SB_DFFNESS.\Q' using process `\SB_DFFNESS.$proc$/usr/local/bin/../share/yosys/ice40/cells_sim.v:1274$240'.
  created $dff cell `$procdff$432' with negative edge clock.
Creating register for signal `\SB_DFFNER.\Q' using process `\SB_DFFNER.$proc$/usr/local/bin/../share/yosys/ice40/cells_sim.v:1199$236'.
  created $adff cell `$procdff$433' with negative edge clock and positive level reset.
Creating register for signal `\SB_DFFNESR.\Q' using process `\SB_DFFNESR.$proc$/usr/local/bin/../share/yosys/ice40/cells_sim.v:1143$229'.
  created $dff cell `$procdff$434' with negative edge clock.
Creating register for signal `\SB_DFFNS.\Q' using process `\SB_DFFNS.$proc$/usr/local/bin/../share/yosys/ice40/cells_sim.v:1074$226'.
  created $adff cell `$procdff$435' with negative edge clock and positive level reset.
Creating register for signal `\SB_DFFNSS.\Q' using process `\SB_DFFNSS.$proc$/usr/local/bin/../share/yosys/ice40/cells_sim.v:1026$223'.
  created $dff cell `$procdff$436' with negative edge clock.
Creating register for signal `\SB_DFFNR.\Q' using process `\SB_DFFNR.$proc$/usr/local/bin/../share/yosys/ice40/cells_sim.v:957$220'.
  created $adff cell `$procdff$437' with negative edge clock and positive level reset.
Creating register for signal `\SB_DFFNSR.\Q' using process `\SB_DFFNSR.$proc$/usr/local/bin/../share/yosys/ice40/cells_sim.v:909$217'.
  created $dff cell `$procdff$438' with negative edge clock.
Creating register for signal `\SB_DFFNE.\Q' using process `\SB_DFFNE.$proc$/usr/local/bin/../share/yosys/ice40/cells_sim.v:866$215'.
  created $dff cell `$procdff$439' with negative edge clock.
Creating register for signal `\SB_DFFN.\Q' using process `\SB_DFFN.$proc$/usr/local/bin/../share/yosys/ice40/cells_sim.v:830$213'.
  created $dff cell `$procdff$440' with negative edge clock.
Creating register for signal `\SB_DFFES.\Q' using process `\SB_DFFES.$proc$/usr/local/bin/../share/yosys/ice40/cells_sim.v:753$209'.
  created $adff cell `$procdff$441' with positive edge clock and positive level reset.
Creating register for signal `\SB_DFFESS.\Q' using process `\SB_DFFESS.$proc$/usr/local/bin/../share/yosys/ice40/cells_sim.v:697$202'.
  created $dff cell `$procdff$442' with positive edge clock.
Creating register for signal `\SB_DFFER.\Q' using process `\SB_DFFER.$proc$/usr/local/bin/../share/yosys/ice40/cells_sim.v:622$198'.
  created $adff cell `$procdff$443' with positive edge clock and positive level reset.
Creating register for signal `\SB_DFFESR.\Q' using process `\SB_DFFESR.$proc$/usr/local/bin/../share/yosys/ice40/cells_sim.v:566$191'.
  created $dff cell `$procdff$444' with positive edge clock.
Creating register for signal `\SB_DFFS.\Q' using process `\SB_DFFS.$proc$/usr/local/bin/../share/yosys/ice40/cells_sim.v:497$188'.
  created $adff cell `$procdff$445' with positive edge clock and positive level reset.
Creating register for signal `\SB_DFFSS.\Q' using process `\SB_DFFSS.$proc$/usr/local/bin/../share/yosys/ice40/cells_sim.v:449$185'.
  created $dff cell `$procdff$446' with positive edge clock.
Creating register for signal `\SB_DFFR.\Q' using process `\SB_DFFR.$proc$/usr/local/bin/../share/yosys/ice40/cells_sim.v:380$182'.
  created $adff cell `$procdff$447' with positive edge clock and positive level reset.
Creating register for signal `\SB_DFFSR.\Q' using process `\SB_DFFSR.$proc$/usr/local/bin/../share/yosys/ice40/cells_sim.v:332$179'.
  created $dff cell `$procdff$448' with positive edge clock.
Creating register for signal `\SB_DFFE.\Q' using process `\SB_DFFE.$proc$/usr/local/bin/../share/yosys/ice40/cells_sim.v:289$177'.
  created $dff cell `$procdff$449' with positive edge clock.
Creating register for signal `\SB_DFF.\Q' using process `\SB_DFF.$proc$/usr/local/bin/../share/yosys/ice40/cells_sim.v:253$175'.
  created $dff cell `$procdff$450' with positive edge clock.

2.3.9. Executing PROC_MEMWR pass (convert process memory writes to cells).

2.3.10. Executing PROC_CLEAN pass (remove empty switches from decision trees).
Removing empty process `SB_DFFNES.$proc$/usr/local/bin/../share/yosys/ice40/cells_sim.v:0$250'.
Found and cleaned up 1 empty switch in `\SB_DFFNES.$proc$/usr/local/bin/../share/yosys/ice40/cells_sim.v:1330$247'.
Removing empty process `SB_DFFNES.$proc$/usr/local/bin/../share/yosys/ice40/cells_sim.v:1330$247'.
Removing empty process `SB_DFFNESS.$proc$/usr/local/bin/../share/yosys/ice40/cells_sim.v:0$246'.
Found and cleaned up 2 empty switches in `\SB_DFFNESS.$proc$/usr/local/bin/../share/yosys/ice40/cells_sim.v:1274$240'.
Removing empty process `SB_DFFNESS.$proc$/usr/local/bin/../share/yosys/ice40/cells_sim.v:1274$240'.
Removing empty process `SB_DFFNER.$proc$/usr/local/bin/../share/yosys/ice40/cells_sim.v:0$239'.
Found and cleaned up 1 empty switch in `\SB_DFFNER.$proc$/usr/local/bin/../share/yosys/ice40/cells_sim.v:1199$236'.
Removing empty process `SB_DFFNER.$proc$/usr/local/bin/../share/yosys/ice40/cells_sim.v:1199$236'.
Removing empty process `SB_DFFNESR.$proc$/usr/local/bin/../share/yosys/ice40/cells_sim.v:0$235'.
Found and cleaned up 2 empty switches in `\SB_DFFNESR.$proc$/usr/local/bin/../share/yosys/ice40/cells_sim.v:1143$229'.
Removing empty process `SB_DFFNESR.$proc$/usr/local/bin/../share/yosys/ice40/cells_sim.v:1143$229'.
Removing empty process `SB_DFFNS.$proc$/usr/local/bin/../share/yosys/ice40/cells_sim.v:0$228'.
Removing empty process `SB_DFFNS.$proc$/usr/local/bin/../share/yosys/ice40/cells_sim.v:1074$226'.
Removing empty process `SB_DFFNSS.$proc$/usr/local/bin/../share/yosys/ice40/cells_sim.v:0$225'.
Found and cleaned up 1 empty switch in `\SB_DFFNSS.$proc$/usr/local/bin/../share/yosys/ice40/cells_sim.v:1026$223'.
Removing empty process `SB_DFFNSS.$proc$/usr/local/bin/../share/yosys/ice40/cells_sim.v:1026$223'.
Removing empty process `SB_DFFNR.$proc$/usr/local/bin/../share/yosys/ice40/cells_sim.v:0$222'.
Removing empty process `SB_DFFNR.$proc$/usr/local/bin/../share/yosys/ice40/cells_sim.v:957$220'.
Removing empty process `SB_DFFNSR.$proc$/usr/local/bin/../share/yosys/ice40/cells_sim.v:0$219'.
Found and cleaned up 1 empty switch in `\SB_DFFNSR.$proc$/usr/local/bin/../share/yosys/ice40/cells_sim.v:909$217'.
Removing empty process `SB_DFFNSR.$proc$/usr/local/bin/../share/yosys/ice40/cells_sim.v:909$217'.
Removing empty process `SB_DFFNE.$proc$/usr/local/bin/../share/yosys/ice40/cells_sim.v:0$216'.
Found and cleaned up 1 empty switch in `\SB_DFFNE.$proc$/usr/local/bin/../share/yosys/ice40/cells_sim.v:866$215'.
Removing empty process `SB_DFFNE.$proc$/usr/local/bin/../share/yosys/ice40/cells_sim.v:866$215'.
Removing empty process `SB_DFFN.$proc$/usr/local/bin/../share/yosys/ice40/cells_sim.v:0$214'.
Removing empty process `SB_DFFN.$proc$/usr/local/bin/../share/yosys/ice40/cells_sim.v:830$213'.
Removing empty process `SB_DFFES.$proc$/usr/local/bin/../share/yosys/ice40/cells_sim.v:0$212'.
Found and cleaned up 1 empty switch in `\SB_DFFES.$proc$/usr/local/bin/../share/yosys/ice40/cells_sim.v:753$209'.
Removing empty process `SB_DFFES.$proc$/usr/local/bin/../share/yosys/ice40/cells_sim.v:753$209'.
Removing empty process `SB_DFFESS.$proc$/usr/local/bin/../share/yosys/ice40/cells_sim.v:0$208'.
Found and cleaned up 2 empty switches in `\SB_DFFESS.$proc$/usr/local/bin/../share/yosys/ice40/cells_sim.v:697$202'.
Removing empty process `SB_DFFESS.$proc$/usr/local/bin/../share/yosys/ice40/cells_sim.v:697$202'.
Removing empty process `SB_DFFER.$proc$/usr/local/bin/../share/yosys/ice40/cells_sim.v:0$201'.
Found and cleaned up 1 empty switch in `\SB_DFFER.$proc$/usr/local/bin/../share/yosys/ice40/cells_sim.v:622$198'.
Removing empty process `SB_DFFER.$proc$/usr/local/bin/../share/yosys/ice40/cells_sim.v:622$198'.
Removing empty process `SB_DFFESR.$proc$/usr/local/bin/../share/yosys/ice40/cells_sim.v:0$197'.
Found and cleaned up 2 empty switches in `\SB_DFFESR.$proc$/usr/local/bin/../share/yosys/ice40/cells_sim.v:566$191'.
Removing empty process `SB_DFFESR.$proc$/usr/local/bin/../share/yosys/ice40/cells_sim.v:566$191'.
Removing empty process `SB_DFFS.$proc$/usr/local/bin/../share/yosys/ice40/cells_sim.v:0$190'.
Removing empty process `SB_DFFS.$proc$/usr/local/bin/../share/yosys/ice40/cells_sim.v:497$188'.
Removing empty process `SB_DFFSS.$proc$/usr/local/bin/../share/yosys/ice40/cells_sim.v:0$187'.
Found and cleaned up 1 empty switch in `\SB_DFFSS.$proc$/usr/local/bin/../share/yosys/ice40/cells_sim.v:449$185'.
Removing empty process `SB_DFFSS.$proc$/usr/local/bin/../share/yosys/ice40/cells_sim.v:449$185'.
Removing empty process `SB_DFFR.$proc$/usr/local/bin/../share/yosys/ice40/cells_sim.v:0$184'.
Removing empty process `SB_DFFR.$proc$/usr/local/bin/../share/yosys/ice40/cells_sim.v:380$182'.
Removing empty process `SB_DFFSR.$proc$/usr/local/bin/../share/yosys/ice40/cells_sim.v:0$181'.
Found and cleaned up 1 empty switch in `\SB_DFFSR.$proc$/usr/local/bin/../share/yosys/ice40/cells_sim.v:332$179'.
Removing empty process `SB_DFFSR.$proc$/usr/local/bin/../share/yosys/ice40/cells_sim.v:332$179'.
Removing empty process `SB_DFFE.$proc$/usr/local/bin/../share/yosys/ice40/cells_sim.v:0$178'.
Found and cleaned up 1 empty switch in `\SB_DFFE.$proc$/usr/local/bin/../share/yosys/ice40/cells_sim.v:289$177'.
Removing empty process `SB_DFFE.$proc$/usr/local/bin/../share/yosys/ice40/cells_sim.v:289$177'.
Removing empty process `SB_DFF.$proc$/usr/local/bin/../share/yosys/ice40/cells_sim.v:0$176'.
Removing empty process `SB_DFF.$proc$/usr/local/bin/../share/yosys/ice40/cells_sim.v:253$175'.
Cleaned up 18 empty switches.

2.4. Executing FLATTEN pass (flatten design).

2.5. Executing TRIBUF pass.

2.6. Executing DEMINOUT pass (demote inout ports to input or output).

2.7. Executing OPT_EXPR pass (perform const folding).
Optimizing module comparador.

2.8. Executing OPT_CLEAN pass (remove unused cells and wires).
Finding unused cells or wires in module \comparador..
Removed 0 unused cells and 3 unused wires.
<suppressed ~1 debug messages>

2.9. Executing CHECK pass (checking for obvious problems).
Checking module comparador...
Found and reported 0 problems.

2.10. Executing OPT pass (performing simple optimizations).

2.10.1. Executing OPT_EXPR pass (perform const folding).
Optimizing module comparador.

2.10.2. Executing OPT_MERGE pass (detect identical cells).
Finding identical cells in module `\comparador'.
Removed a total of 0 cells.

2.10.3. Executing OPT_MUXTREE pass (detect dead branches in mux trees).
Running muxtree optimizer on module \comparador..
  Creating internal representation of mux trees.
  No muxes found in this module.
Removed 0 multiplexer ports.

2.10.4. Executing OPT_REDUCE pass (consolidate $*mux and $reduce_* inputs).
  Optimizing cells in module \comparador.
Performed a total of 0 changes.

2.10.5. Executing OPT_MERGE pass (detect identical cells).
Finding identical cells in module `\comparador'.
Removed a total of 0 cells.

2.10.6. Executing OPT_DFF pass (perform DFF optimizations).

2.10.7. Executing OPT_CLEAN pass (remove unused cells and wires).
Finding unused cells or wires in module \comparador..

2.10.8. Executing OPT_EXPR pass (perform const folding).
Optimizing module comparador.

2.10.9. Finished OPT passes. (There is nothing left to do.)

2.11. Executing FSM pass (extract and optimize FSM).

2.11.1. Executing FSM_DETECT pass (finding FSMs in design).

2.11.2. Executing FSM_EXTRACT pass (extracting FSM from design).

2.11.3. Executing FSM_OPT pass (simple optimizations of FSMs).

2.11.4. Executing OPT_CLEAN pass (remove unused cells and wires).
Finding unused cells or wires in module \comparador..

2.11.5. Executing FSM_OPT pass (simple optimizations of FSMs).

2.11.6. Executing FSM_RECODE pass (re-assigning FSM state encoding).

2.11.7. Executing FSM_INFO pass (dumping all available information on FSM cells).

2.11.8. Executing FSM_MAP pass (mapping FSMs to basic logic).

2.12. Executing OPT pass (performing simple optimizations).

2.12.1. Executing OPT_EXPR pass (perform const folding).
Optimizing module comparador.

2.12.2. Executing OPT_MERGE pass (detect identical cells).
Finding identical cells in module `\comparador'.
Removed a total of 0 cells.

2.12.3. Executing OPT_MUXTREE pass (detect dead branches in mux trees).
Running muxtree optimizer on module \comparador..
  Creating internal representation of mux trees.
  No muxes found in this module.
Removed 0 multiplexer ports.

2.12.4. Executing OPT_REDUCE pass (consolidate $*mux and $reduce_* inputs).
  Optimizing cells in module \comparador.
Performed a total of 0 changes.

2.12.5. Executing OPT_MERGE pass (detect identical cells).
Finding identical cells in module `\comparador'.
Removed a total of 0 cells.

2.12.6. Executing OPT_DFF pass (perform DFF optimizations).

2.12.7. Executing OPT_CLEAN pass (remove unused cells and wires).
Finding unused cells or wires in module \comparador..

2.12.8. Executing OPT_EXPR pass (perform const folding).
Optimizing module comparador.

2.12.9. Finished OPT passes. (There is nothing left to do.)

2.13. Executing WREDUCE pass (reducing word size of cells).

2.14. Executing PEEPOPT pass (run peephole optimizers).

2.15. Executing OPT_CLEAN pass (remove unused cells and wires).
Finding unused cells or wires in module \comparador..

2.16. Executing SHARE pass (SAT-based resource sharing).

2.17. Executing TECHMAP pass (map to technology primitives).

2.17.1. Executing Verilog-2005 frontend: /usr/local/bin/../share/yosys/cmp2lut.v
Parsing Verilog input from `/usr/local/bin/../share/yosys/cmp2lut.v' to AST representation.
Generating RTLIL representation for module `\_90_lut_cmp_'.
Successfully finished Verilog frontend.

2.17.2. Continuing TECHMAP pass.
No more expansions possible.
<suppressed ~6 debug messages>

2.18. Executing OPT_EXPR pass (perform const folding).
Optimizing module comparador.

2.19. Executing OPT_CLEAN pass (remove unused cells and wires).
Finding unused cells or wires in module \comparador..

2.20. Executing ALUMACC pass (create $alu and $macc cells).
Extracting $alu and $macc cells in module comparador:
  created 0 $alu and 0 $macc cells.

2.21. Executing OPT pass (performing simple optimizations).

2.21.1. Executing OPT_EXPR pass (perform const folding).
Optimizing module comparador.

2.21.2. Executing OPT_MERGE pass (detect identical cells).
Finding identical cells in module `\comparador'.
Removed a total of 0 cells.

2.21.3. Executing OPT_MUXTREE pass (detect dead branches in mux trees).
Running muxtree optimizer on module \comparador..
  Creating internal representation of mux trees.
  No muxes found in this module.
Removed 0 multiplexer ports.

2.21.4. Executing OPT_REDUCE pass (consolidate $*mux and $reduce_* inputs).
  Optimizing cells in module \comparador.
Performed a total of 0 changes.

2.21.5. Executing OPT_MERGE pass (detect identical cells).
Finding identical cells in module `\comparador'.
Removed a total of 0 cells.

2.21.6. Executing OPT_DFF pass (perform DFF optimizations).

2.21.7. Executing OPT_CLEAN pass (remove unused cells and wires).
Finding unused cells or wires in module \comparador..

2.21.8. Executing OPT_EXPR pass (perform const folding).
Optimizing module comparador.

2.21.9. Finished OPT passes. (There is nothing left to do.)

2.22. Executing MEMORY pass.

2.22.1. Executing OPT_MEM pass (optimize memories).
Performed a total of 0 transformations.

2.22.2. Executing MEMORY_DFF pass (merging $dff cells to $memrd).

2.22.3. Executing OPT_CLEAN pass (remove unused cells and wires).
Finding unused cells or wires in module \comparador..

2.22.4. Executing MEMORY_SHARE pass (consolidating $memrd/$memwr cells).

2.22.5. Executing OPT_CLEAN pass (remove unused cells and wires).
Finding unused cells or wires in module \comparador..

2.22.6. Executing MEMORY_COLLECT pass (generating $mem cells).

2.23. Executing OPT_CLEAN pass (remove unused cells and wires).
Finding unused cells or wires in module \comparador..

2.24. Executing MEMORY_BRAM pass (mapping $mem cells to block memories).

2.25. Executing TECHMAP pass (map to technology primitives).

2.25.1. Executing Verilog-2005 frontend: /usr/local/bin/../share/yosys/ice40/brams_map.v
Parsing Verilog input from `/usr/local/bin/../share/yosys/ice40/brams_map.v' to AST representation.
Generating RTLIL representation for module `\$__ICE40_RAM4K'.
Generating RTLIL representation for module `\$__ICE40_RAM4K_M0'.
Generating RTLIL representation for module `\$__ICE40_RAM4K_M123'.
Successfully finished Verilog frontend.

2.25.2. Continuing TECHMAP pass.
No more expansions possible.
<suppressed ~5 debug messages>

2.26. Executing ICE40_BRAMINIT pass.

2.27. Executing OPT pass (performing simple optimizations).

2.27.1. Executing OPT_EXPR pass (perform const folding).
Optimizing module comparador.

2.27.2. Executing OPT_MERGE pass (detect identical cells).
Finding identical cells in module `\comparador'.
Removed a total of 0 cells.

2.27.3. Executing OPT_DFF pass (perform DFF optimizations).

2.27.4. Executing OPT_CLEAN pass (remove unused cells and wires).
Finding unused cells or wires in module \comparador..

2.27.5. Finished fast OPT passes.

2.28. Executing MEMORY_MAP pass (converting memories to logic and flip-flops).

2.29. Executing OPT pass (performing simple optimizations).

2.29.1. Executing OPT_EXPR pass (perform const folding).
Optimizing module comparador.

2.29.2. Executing OPT_MERGE pass (detect identical cells).
Finding identical cells in module `\comparador'.
Removed a total of 0 cells.

2.29.3. Executing OPT_MUXTREE pass (detect dead branches in mux trees).
Running muxtree optimizer on module \comparador..
  Creating internal representation of mux trees.
  No muxes found in this module.
Removed 0 multiplexer ports.

2.29.4. Executing OPT_REDUCE pass (consolidate $*mux and $reduce_* inputs).
  Optimizing cells in module \comparador.
Performed a total of 0 changes.

2.29.5. Executing OPT_MERGE pass (detect identical cells).
Finding identical cells in module `\comparador'.
Removed a total of 0 cells.

2.29.6. Executing OPT_DFF pass (perform DFF optimizations).

2.29.7. Executing OPT_CLEAN pass (remove unused cells and wires).
Finding unused cells or wires in module \comparador..

2.29.8. Executing OPT_EXPR pass (perform const folding).
Optimizing module comparador.

2.29.9. Finished OPT passes. (There is nothing left to do.)

2.30. Executing ICE40_WRAPCARRY pass (wrap carries).

2.31. Executing TECHMAP pass (map to technology primitives).

2.31.1. Executing Verilog-2005 frontend: /usr/local/bin/../share/yosys/techmap.v
Parsing Verilog input from `/usr/local/bin/../share/yosys/techmap.v' to AST representation.
Generating RTLIL representation for module `\_90_simplemap_bool_ops'.
Generating RTLIL representation for module `\_90_simplemap_reduce_ops'.
Generating RTLIL representation for module `\_90_simplemap_logic_ops'.
Generating RTLIL representation for module `\_90_simplemap_compare_ops'.
Generating RTLIL representation for module `\_90_simplemap_various'.
Generating RTLIL representation for module `\_90_simplemap_registers'.
Generating RTLIL representation for module `\_90_shift_ops_shr_shl_sshl_sshr'.
Generating RTLIL representation for module `\_90_shift_shiftx'.
Generating RTLIL representation for module `\_90_fa'.
Generating RTLIL representation for module `\_90_lcu'.
Generating RTLIL representation for module `\_90_alu'.
Generating RTLIL representation for module `\_90_macc'.
Generating RTLIL representation for module `\_90_alumacc'.
Generating RTLIL representation for module `\$__div_mod_u'.
Generating RTLIL representation for module `\$__div_mod_trunc'.
Generating RTLIL representation for module `\_90_div'.
Generating RTLIL representation for module `\_90_mod'.
Generating RTLIL representation for module `\$__div_mod_floor'.
Generating RTLIL representation for module `\_90_divfloor'.
Generating RTLIL representation for module `\_90_modfloor'.
Generating RTLIL representation for module `\_90_pow'.
Generating RTLIL representation for module `\_90_pmux'.
Generating RTLIL representation for module `\_90_lut'.
Successfully finished Verilog frontend.

2.31.2. Executing Verilog-2005 frontend: /usr/local/bin/../share/yosys/ice40/arith_map.v
Parsing Verilog input from `/usr/local/bin/../share/yosys/ice40/arith_map.v' to AST representation.
Generating RTLIL representation for module `\_80_ice40_alu'.
Successfully finished Verilog frontend.

2.31.3. Continuing TECHMAP pass.
Using extmapper simplemap for cells of type $xor.
Using extmapper simplemap for cells of type $not.
Using extmapper simplemap for cells of type $logic_and.
No more expansions possible.
<suppressed ~73 debug messages>

2.32. Executing OPT pass (performing simple optimizations).

2.32.1. Executing OPT_EXPR pass (perform const folding).
Optimizing module comparador.

2.32.2. Executing OPT_MERGE pass (detect identical cells).
Finding identical cells in module `\comparador'.
Removed a total of 0 cells.

2.32.3. Executing OPT_DFF pass (perform DFF optimizations).

2.32.4. Executing OPT_CLEAN pass (remove unused cells and wires).
Finding unused cells or wires in module \comparador..

2.32.5. Finished fast OPT passes.

2.33. Executing ICE40_OPT pass (performing simple optimizations).

2.33.1. Running ICE40 specific optimizations.

2.33.2. Executing OPT_EXPR pass (perform const folding).
Optimizing module comparador.

2.33.3. Executing OPT_MERGE pass (detect identical cells).
Finding identical cells in module `\comparador'.
Removed a total of 0 cells.

2.33.4. Executing OPT_DFF pass (perform DFF optimizations).

2.33.5. Executing OPT_CLEAN pass (remove unused cells and wires).
Finding unused cells or wires in module \comparador..

2.33.6. Finished OPT passes. (There is nothing left to do.)

2.34. Executing DFFLEGALIZE pass (convert FFs to types supported by the target).

2.35. Executing TECHMAP pass (map to technology primitives).

2.35.1. Executing Verilog-2005 frontend: /usr/local/bin/../share/yosys/ice40/ff_map.v
Parsing Verilog input from `/usr/local/bin/../share/yosys/ice40/ff_map.v' to AST representation.
Generating RTLIL representation for module `\$_DFF_N_'.
Generating RTLIL representation for module `\$_DFF_P_'.
Generating RTLIL representation for module `\$_DFFE_NP_'.
Generating RTLIL representation for module `\$_DFFE_PP_'.
Generating RTLIL representation for module `\$_DFF_NP0_'.
Generating RTLIL representation for module `\$_DFF_NP1_'.
Generating RTLIL representation for module `\$_DFF_PP0_'.
Generating RTLIL representation for module `\$_DFF_PP1_'.
Generating RTLIL representation for module `\$_DFFE_NP0P_'.
Generating RTLIL representation for module `\$_DFFE_NP1P_'.
Generating RTLIL representation for module `\$_DFFE_PP0P_'.
Generating RTLIL representation for module `\$_DFFE_PP1P_'.
Generating RTLIL representation for module `\$_SDFF_NP0_'.
Generating RTLIL representation for module `\$_SDFF_NP1_'.
Generating RTLIL representation for module `\$_SDFF_PP0_'.
Generating RTLIL representation for module `\$_SDFF_PP1_'.
Generating RTLIL representation for module `\$_SDFFCE_NP0P_'.
Generating RTLIL representation for module `\$_SDFFCE_NP1P_'.
Generating RTLIL representation for module `\$_SDFFCE_PP0P_'.
Generating RTLIL representation for module `\$_SDFFCE_PP1P_'.
Successfully finished Verilog frontend.

2.35.2. Continuing TECHMAP pass.
No more expansions possible.
<suppressed ~22 debug messages>

2.36. Executing OPT_EXPR pass (perform const folding).
Optimizing module comparador.

2.37. Executing SIMPLEMAP pass (map simple cells to gate primitives).

2.38. Executing ICE40_OPT pass (performing simple optimizations).

2.38.1. Running ICE40 specific optimizations.

2.38.2. Executing OPT_EXPR pass (perform const folding).
Optimizing module comparador.

2.38.3. Executing OPT_MERGE pass (detect identical cells).
Finding identical cells in module `\comparador'.
Removed a total of 0 cells.

2.38.4. Executing OPT_DFF pass (perform DFF optimizations).

2.38.5. Executing OPT_CLEAN pass (remove unused cells and wires).
Finding unused cells or wires in module \comparador..

2.38.6. Finished OPT passes. (There is nothing left to do.)

2.39. Executing TECHMAP pass (map to technology primitives).

2.39.1. Executing Verilog-2005 frontend: /usr/local/bin/../share/yosys/ice40/latches_map.v
Parsing Verilog input from `/usr/local/bin/../share/yosys/ice40/latches_map.v' to AST representation.
Generating RTLIL representation for module `\$_DLATCH_N_'.
Generating RTLIL representation for module `\$_DLATCH_P_'.
Successfully finished Verilog frontend.

2.39.2. Continuing TECHMAP pass.
No more expansions possible.
<suppressed ~4 debug messages>

2.40. Executing ABC pass (technology mapping using ABC).

2.40.1. Extracting gate netlist of module `\comparador' to `<abc-temp-dir>/input.blif'..
Extracted 6 gates and 8 wires to a netlist network with 2 inputs and 3 outputs.

2.40.1.1. Executing ABC.
Running ABC command: <yosys-exe-dir>/yosys-abc -s -f <abc-temp-dir>/abc.script 2>&1
ABC: ABC command line: "source <abc-temp-dir>/abc.script".
ABC: 
ABC: + read_blif <abc-temp-dir>/input.blif 
ABC: + read_lut <abc-temp-dir>/lutdefs.txt 
ABC: + strash 
ABC: + ifraig 
ABC: + scorr 
ABC: Warning: The network is combinational (run "fraig" or "fraig_sweep").
ABC: + dc2 
ABC: + dretime 
ABC: + strash 
ABC: + dch -f 
ABC: + if 
ABC: + mfs2 
ABC: + lutpack -S 1 
ABC: + dress 
ABC: Total number of equiv classes                =       4.
ABC: Participating nodes from both networks       =       7.
ABC: Participating nodes from the first network   =       3. (  75.00 % of nodes)
ABC: Participating nodes from the second network  =       4. ( 100.00 % of nodes)
ABC: Node pairs (any polarity)                    =       3. (  75.00 % of names can be moved)
ABC: Node pairs (same polarity)                   =       3. (  75.00 % of names can be moved)
ABC: Total runtime =     0.00 sec
ABC: + write_blif <abc-temp-dir>/output.blif 

2.40.1.2. Re-integrating ABC results.
ABC RESULTS:              $lut cells:        3
ABC RESULTS:        internal signals:        3
ABC RESULTS:           input signals:        2
ABC RESULTS:          output signals:        3
Removing temp directory.

2.41. Executing ICE40_WRAPCARRY pass (wrap carries).

2.42. Executing TECHMAP pass (map to technology primitives).

2.42.1. Executing Verilog-2005 frontend: /usr/local/bin/../share/yosys/ice40/ff_map.v
Parsing Verilog input from `/usr/local/bin/../share/yosys/ice40/ff_map.v' to AST representation.
Generating RTLIL representation for module `\$_DFF_N_'.
Generating RTLIL representation for module `\$_DFF_P_'.
Generating RTLIL representation for module `\$_DFFE_NP_'.
Generating RTLIL representation for module `\$_DFFE_PP_'.
Generating RTLIL representation for module `\$_DFF_NP0_'.
Generating RTLIL representation for module `\$_DFF_NP1_'.
Generating RTLIL representation for module `\$_DFF_PP0_'.
Generating RTLIL representation for module `\$_DFF_PP1_'.
Generating RTLIL representation for module `\$_DFFE_NP0P_'.
Generating RTLIL representation for module `\$_DFFE_NP1P_'.
Generating RTLIL representation for module `\$_DFFE_PP0P_'.
Generating RTLIL representation for module `\$_DFFE_PP1P_'.
Generating RTLIL representation for module `\$_SDFF_NP0_'.
Generating RTLIL representation for module `\$_SDFF_NP1_'.
Generating RTLIL representation for module `\$_SDFF_PP0_'.
Generating RTLIL representation for module `\$_SDFF_PP1_'.
Generating RTLIL representation for module `\$_SDFFCE_NP0P_'.
Generating RTLIL representation for module `\$_SDFFCE_NP1P_'.
Generating RTLIL representation for module `\$_SDFFCE_PP0P_'.
Generating RTLIL representation for module `\$_SDFFCE_PP1P_'.
Successfully finished Verilog frontend.

2.42.2. Continuing TECHMAP pass.
No more expansions possible.
<suppressed ~22 debug messages>
Removed 0 unused cells and 8 unused wires.

2.43. Executing OPT_LUT pass (optimize LUTs).
Discovering LUTs.
Number of LUTs:        3
  2-LUT                3

Eliminating LUTs.
Number of LUTs:        3
  2-LUT                3

Combining LUTs.
Number of LUTs:        3
  2-LUT                3

Eliminated 0 LUTs.
Combined 0 LUTs.
<suppressed ~6 debug messages>

2.44. Executing TECHMAP pass (map to technology primitives).

2.44.1. Executing Verilog-2005 frontend: /usr/local/bin/../share/yosys/ice40/cells_map.v
Parsing Verilog input from `/usr/local/bin/../share/yosys/ice40/cells_map.v' to AST representation.
Generating RTLIL representation for module `\$lut'.
Successfully finished Verilog frontend.

2.44.2. Continuing TECHMAP pass.
Using template $paramod\$lut\WIDTH=2\LUT=4'0100 for cells of type $lut.
Using template $paramod\$lut\WIDTH=2\LUT=4'1001 for cells of type $lut.
No more expansions possible.
<suppressed ~32 debug messages>
Removed 0 unused cells and 6 unused wires.

2.45. Executing AUTONAME pass.
Renamed 3 objects in module comparador (2 iterations).
<suppressed ~3 debug messages>

2.46. Executing HIERARCHY pass (managing design hierarchy).

2.46.1. Analyzing design hierarchy..
Top module:  \comparador

2.46.2. Analyzing design hierarchy..
Top module:  \comparador
Removed 0 unused modules.

2.47. Printing statistics.

=== comparador ===

   Number of wires:                  5
   Number of wire bits:              5
   Number of public wires:           5
   Number of public wire bits:       5
   Number of memories:               0
   Number of memory bits:            0
   Number of processes:              0
   Number of cells:                  3
     SB_LUT4                         3

2.48. Executing CHECK pass (checking for obvious problems).
Checking module comparador...
Found and reported 0 problems.

2.49. Executing JSON backend.

End of script. Logfile hash: 485dc1986a, CPU: user 0.27s system 0.02s, MEM: 55.59 MB peak
Yosys 0.9+4008 (git sha1 cae905f5, clang 7.0.1-8+deb10u2 -fPIC -Os)
Time spent: 46% 11x read_verilog (0 sec), 16% 1x abc (0 sec), ...
