
 /----------------------------------------------------------------------------\
 |                                                                            |
 |  yosys -- Yosys Open SYnthesis Suite                                       |
 |                                                                            |
 |  Copyright (C) 2012 - 2020  Claire Wolf <claire@symbioticeda.com>          |
 |                                                                            |
 |  Permission to use, copy, modify, and/or distribute this software for any  |
 |  purpose with or without fee is hereby granted, provided that the above    |
 |  copyright notice and this permission notice appear in all copies.         |
 |                                                                            |
 |  THE SOFTWARE IS PROVIDED "AS IS" AND THE AUTHOR DISCLAIMS ALL WARRANTIES  |
 |  WITH REGARD TO THIS SOFTWARE INCLUDING ALL IMPLIED WARRANTIES OF          |
 |  MERCHANTABILITY AND FITNESS. IN NO EVENT SHALL THE AUTHOR BE LIABLE FOR   |
 |  ANY SPECIAL, DIRECT, INDIRECT, OR CONSEQUENTIAL DAMAGES OR ANY DAMAGES    |
 |  WHATSOEVER RESULTING FROM LOSS OF USE, DATA OR PROFITS, WHETHER IN AN     |
 |  ACTION OF CONTRACT, NEGLIGENCE OR OTHER TORTIOUS ACTION, ARISING OUT OF   |
 |  OR IN CONNECTION WITH THE USE OR PERFORMANCE OF THIS SOFTWARE.            |
 |                                                                            |
 \----------------------------------------------------------------------------/

 Yosys 0.9+4008 (git sha1 cae905f5, clang 7.0.1-8+deb10u2 -fPIC -Os)


-- Parsing `bcd7seg.v' using frontend `verilog' --

1. Executing Verilog-2005 frontend: bcd7seg.v
Parsing Verilog input from `bcd7seg.v' to AST representation.
Generating RTLIL representation for module `\bcd7seg'.
Successfully finished Verilog frontend.

-- Running command `synth_ice40 -json top.json' --

2. Executing SYNTH_ICE40 pass.

2.1. Executing Verilog-2005 frontend: /usr/local/bin/../share/yosys/ice40/cells_sim.v
Parsing Verilog input from `/usr/local/bin/../share/yosys/ice40/cells_sim.v' to AST representation.
Generating RTLIL representation for module `\SB_IO'.
Generating RTLIL representation for module `\SB_GB_IO'.
Generating RTLIL representation for module `\SB_GB'.
Generating RTLIL representation for module `\SB_LUT4'.
Generating RTLIL representation for module `\SB_CARRY'.
Generating RTLIL representation for module `\SB_DFF'.
Generating RTLIL representation for module `\SB_DFFE'.
Generating RTLIL representation for module `\SB_DFFSR'.
Generating RTLIL representation for module `\SB_DFFR'.
Generating RTLIL representation for module `\SB_DFFSS'.
Generating RTLIL representation for module `\SB_DFFS'.
Generating RTLIL representation for module `\SB_DFFESR'.
Generating RTLIL representation for module `\SB_DFFER'.
Generating RTLIL representation for module `\SB_DFFESS'.
Generating RTLIL representation for module `\SB_DFFES'.
Generating RTLIL representation for module `\SB_DFFN'.
Generating RTLIL representation for module `\SB_DFFNE'.
Generating RTLIL representation for module `\SB_DFFNSR'.
Generating RTLIL representation for module `\SB_DFFNR'.
Generating RTLIL representation for module `\SB_DFFNSS'.
Generating RTLIL representation for module `\SB_DFFNS'.
Generating RTLIL representation for module `\SB_DFFNESR'.
Generating RTLIL representation for module `\SB_DFFNER'.
Generating RTLIL representation for module `\SB_DFFNESS'.
Generating RTLIL representation for module `\SB_DFFNES'.
Generating RTLIL representation for module `\SB_RAM40_4K'.
Generating RTLIL representation for module `\SB_RAM40_4KNR'.
Generating RTLIL representation for module `\SB_RAM40_4KNW'.
Generating RTLIL representation for module `\SB_RAM40_4KNRNW'.
Generating RTLIL representation for module `\ICESTORM_LC'.
Generating RTLIL representation for module `\SB_PLL40_CORE'.
Generating RTLIL representation for module `\SB_PLL40_PAD'.
Generating RTLIL representation for module `\SB_PLL40_2_PAD'.
Generating RTLIL representation for module `\SB_PLL40_2F_CORE'.
Generating RTLIL representation for module `\SB_PLL40_2F_PAD'.
Generating RTLIL representation for module `\SB_WARMBOOT'.
Generating RTLIL representation for module `\SB_SPRAM256KA'.
Generating RTLIL representation for module `\SB_HFOSC'.
Generating RTLIL representation for module `\SB_LFOSC'.
Generating RTLIL representation for module `\SB_RGBA_DRV'.
Generating RTLIL representation for module `\SB_LED_DRV_CUR'.
Generating RTLIL representation for module `\SB_RGB_DRV'.
Generating RTLIL representation for module `\SB_I2C'.
Generating RTLIL representation for module `\SB_SPI'.
Generating RTLIL representation for module `\SB_LEDDA_IP'.
Generating RTLIL representation for module `\SB_FILTER_50NS'.
Generating RTLIL representation for module `\SB_IO_I3C'.
Generating RTLIL representation for module `\SB_IO_OD'.
Generating RTLIL representation for module `\SB_MAC16'.
Generating RTLIL representation for module `\ICESTORM_RAM'.
Successfully finished Verilog frontend.

2.2. Executing HIERARCHY pass (managing design hierarchy).

2.2.1. Finding top of design hierarchy..
root of   0 design levels: bcd7seg             
Automatically selected bcd7seg as design top module.

2.2.2. Analyzing design hierarchy..
Top module:  \bcd7seg

2.2.3. Analyzing design hierarchy..
Top module:  \bcd7seg
Removed 0 unused modules.

2.3. Executing PROC pass (convert processes to netlists).

2.3.1. Executing PROC_CLEAN pass (remove empty switches from decision trees).
Cleaned up 0 empty switches.

2.3.2. Executing PROC_RMDEAD pass (remove dead branches from decision trees).
Marked 1 switch rules as full_case in process $proc$/usr/local/bin/../share/yosys/ice40/cells_sim.v:1330$243 in module SB_DFFNES.
Marked 1 switch rules as full_case in process $proc$/usr/local/bin/../share/yosys/ice40/cells_sim.v:1274$236 in module SB_DFFNESS.
Marked 1 switch rules as full_case in process $proc$/usr/local/bin/../share/yosys/ice40/cells_sim.v:1199$232 in module SB_DFFNER.
Marked 1 switch rules as full_case in process $proc$/usr/local/bin/../share/yosys/ice40/cells_sim.v:1143$225 in module SB_DFFNESR.
Marked 1 switch rules as full_case in process $proc$/usr/local/bin/../share/yosys/ice40/cells_sim.v:1074$222 in module SB_DFFNS.
Marked 1 switch rules as full_case in process $proc$/usr/local/bin/../share/yosys/ice40/cells_sim.v:1026$219 in module SB_DFFNSS.
Marked 1 switch rules as full_case in process $proc$/usr/local/bin/../share/yosys/ice40/cells_sim.v:957$216 in module SB_DFFNR.
Marked 1 switch rules as full_case in process $proc$/usr/local/bin/../share/yosys/ice40/cells_sim.v:909$213 in module SB_DFFNSR.
Marked 1 switch rules as full_case in process $proc$/usr/local/bin/../share/yosys/ice40/cells_sim.v:753$205 in module SB_DFFES.
Marked 1 switch rules as full_case in process $proc$/usr/local/bin/../share/yosys/ice40/cells_sim.v:697$198 in module SB_DFFESS.
Marked 1 switch rules as full_case in process $proc$/usr/local/bin/../share/yosys/ice40/cells_sim.v:622$194 in module SB_DFFER.
Marked 1 switch rules as full_case in process $proc$/usr/local/bin/../share/yosys/ice40/cells_sim.v:566$187 in module SB_DFFESR.
Marked 1 switch rules as full_case in process $proc$/usr/local/bin/../share/yosys/ice40/cells_sim.v:497$184 in module SB_DFFS.
Marked 1 switch rules as full_case in process $proc$/usr/local/bin/../share/yosys/ice40/cells_sim.v:449$181 in module SB_DFFSS.
Marked 1 switch rules as full_case in process $proc$/usr/local/bin/../share/yosys/ice40/cells_sim.v:380$178 in module SB_DFFR.
Marked 1 switch rules as full_case in process $proc$/usr/local/bin/../share/yosys/ice40/cells_sim.v:332$175 in module SB_DFFSR.
Removed 1 dead cases from process $proc$bcd7seg.v:10$1 in module bcd7seg.
Marked 2 switch rules as full_case in process $proc$bcd7seg.v:10$1 in module bcd7seg.
Removed a total of 1 dead cases.

2.3.3. Executing PROC_PRUNE pass (remove redundant assignments in processes).
Removed 8 redundant assignments.
Promoted 23 assignments to connections.

2.3.4. Executing PROC_INIT pass (extract init attributes).
Found init rule in `\SB_DFFNES.$proc$/usr/local/bin/../share/yosys/ice40/cells_sim.v:0$246'.
  Set init value: \Q = 1'0
Found init rule in `\SB_DFFNESS.$proc$/usr/local/bin/../share/yosys/ice40/cells_sim.v:0$242'.
  Set init value: \Q = 1'0
Found init rule in `\SB_DFFNER.$proc$/usr/local/bin/../share/yosys/ice40/cells_sim.v:0$235'.
  Set init value: \Q = 1'0
Found init rule in `\SB_DFFNESR.$proc$/usr/local/bin/../share/yosys/ice40/cells_sim.v:0$231'.
  Set init value: \Q = 1'0
Found init rule in `\SB_DFFNS.$proc$/usr/local/bin/../share/yosys/ice40/cells_sim.v:0$224'.
  Set init value: \Q = 1'0
Found init rule in `\SB_DFFNSS.$proc$/usr/local/bin/../share/yosys/ice40/cells_sim.v:0$221'.
  Set init value: \Q = 1'0
Found init rule in `\SB_DFFNR.$proc$/usr/local/bin/../share/yosys/ice40/cells_sim.v:0$218'.
  Set init value: \Q = 1'0
Found init rule in `\SB_DFFNSR.$proc$/usr/local/bin/../share/yosys/ice40/cells_sim.v:0$215'.
  Set init value: \Q = 1'0
Found init rule in `\SB_DFFNE.$proc$/usr/local/bin/../share/yosys/ice40/cells_sim.v:0$212'.
  Set init value: \Q = 1'0
Found init rule in `\SB_DFFN.$proc$/usr/local/bin/../share/yosys/ice40/cells_sim.v:0$210'.
  Set init value: \Q = 1'0
Found init rule in `\SB_DFFES.$proc$/usr/local/bin/../share/yosys/ice40/cells_sim.v:0$208'.
  Set init value: \Q = 1'0
Found init rule in `\SB_DFFESS.$proc$/usr/local/bin/../share/yosys/ice40/cells_sim.v:0$204'.
  Set init value: \Q = 1'0
Found init rule in `\SB_DFFER.$proc$/usr/local/bin/../share/yosys/ice40/cells_sim.v:0$197'.
  Set init value: \Q = 1'0
Found init rule in `\SB_DFFESR.$proc$/usr/local/bin/../share/yosys/ice40/cells_sim.v:0$193'.
  Set init value: \Q = 1'0
Found init rule in `\SB_DFFS.$proc$/usr/local/bin/../share/yosys/ice40/cells_sim.v:0$186'.
  Set init value: \Q = 1'0
Found init rule in `\SB_DFFSS.$proc$/usr/local/bin/../share/yosys/ice40/cells_sim.v:0$183'.
  Set init value: \Q = 1'0
Found init rule in `\SB_DFFR.$proc$/usr/local/bin/../share/yosys/ice40/cells_sim.v:0$180'.
  Set init value: \Q = 1'0
Found init rule in `\SB_DFFSR.$proc$/usr/local/bin/../share/yosys/ice40/cells_sim.v:0$177'.
  Set init value: \Q = 1'0
Found init rule in `\SB_DFFE.$proc$/usr/local/bin/../share/yosys/ice40/cells_sim.v:0$174'.
  Set init value: \Q = 1'0
Found init rule in `\SB_DFF.$proc$/usr/local/bin/../share/yosys/ice40/cells_sim.v:0$172'.
  Set init value: \Q = 1'0

2.3.5. Executing PROC_ARST pass (detect async resets in processes).
Found async reset \S in `\SB_DFFNES.$proc$/usr/local/bin/../share/yosys/ice40/cells_sim.v:1330$243'.
Found async reset \R in `\SB_DFFNER.$proc$/usr/local/bin/../share/yosys/ice40/cells_sim.v:1199$232'.
Found async reset \S in `\SB_DFFNS.$proc$/usr/local/bin/../share/yosys/ice40/cells_sim.v:1074$222'.
Found async reset \R in `\SB_DFFNR.$proc$/usr/local/bin/../share/yosys/ice40/cells_sim.v:957$216'.
Found async reset \S in `\SB_DFFES.$proc$/usr/local/bin/../share/yosys/ice40/cells_sim.v:753$205'.
Found async reset \R in `\SB_DFFER.$proc$/usr/local/bin/../share/yosys/ice40/cells_sim.v:622$194'.
Found async reset \S in `\SB_DFFS.$proc$/usr/local/bin/../share/yosys/ice40/cells_sim.v:497$184'.
Found async reset \R in `\SB_DFFR.$proc$/usr/local/bin/../share/yosys/ice40/cells_sim.v:380$178'.

2.3.6. Executing PROC_MUX pass (convert decision trees to multiplexers).
Creating decoders for process `\SB_DFFNES.$proc$/usr/local/bin/../share/yosys/ice40/cells_sim.v:0$246'.
Creating decoders for process `\SB_DFFNES.$proc$/usr/local/bin/../share/yosys/ice40/cells_sim.v:1330$243'.
     1/1: $0\Q[0:0]
Creating decoders for process `\SB_DFFNESS.$proc$/usr/local/bin/../share/yosys/ice40/cells_sim.v:0$242'.
Creating decoders for process `\SB_DFFNESS.$proc$/usr/local/bin/../share/yosys/ice40/cells_sim.v:1274$236'.
     1/1: $0\Q[0:0]
Creating decoders for process `\SB_DFFNER.$proc$/usr/local/bin/../share/yosys/ice40/cells_sim.v:0$235'.
Creating decoders for process `\SB_DFFNER.$proc$/usr/local/bin/../share/yosys/ice40/cells_sim.v:1199$232'.
     1/1: $0\Q[0:0]
Creating decoders for process `\SB_DFFNESR.$proc$/usr/local/bin/../share/yosys/ice40/cells_sim.v:0$231'.
Creating decoders for process `\SB_DFFNESR.$proc$/usr/local/bin/../share/yosys/ice40/cells_sim.v:1143$225'.
     1/1: $0\Q[0:0]
Creating decoders for process `\SB_DFFNS.$proc$/usr/local/bin/../share/yosys/ice40/cells_sim.v:0$224'.
Creating decoders for process `\SB_DFFNS.$proc$/usr/local/bin/../share/yosys/ice40/cells_sim.v:1074$222'.
     1/1: $0\Q[0:0]
Creating decoders for process `\SB_DFFNSS.$proc$/usr/local/bin/../share/yosys/ice40/cells_sim.v:0$221'.
Creating decoders for process `\SB_DFFNSS.$proc$/usr/local/bin/../share/yosys/ice40/cells_sim.v:1026$219'.
     1/1: $0\Q[0:0]
Creating decoders for process `\SB_DFFNR.$proc$/usr/local/bin/../share/yosys/ice40/cells_sim.v:0$218'.
Creating decoders for process `\SB_DFFNR.$proc$/usr/local/bin/../share/yosys/ice40/cells_sim.v:957$216'.
     1/1: $0\Q[0:0]
Creating decoders for process `\SB_DFFNSR.$proc$/usr/local/bin/../share/yosys/ice40/cells_sim.v:0$215'.
Creating decoders for process `\SB_DFFNSR.$proc$/usr/local/bin/../share/yosys/ice40/cells_sim.v:909$213'.
     1/1: $0\Q[0:0]
Creating decoders for process `\SB_DFFNE.$proc$/usr/local/bin/../share/yosys/ice40/cells_sim.v:0$212'.
Creating decoders for process `\SB_DFFNE.$proc$/usr/local/bin/../share/yosys/ice40/cells_sim.v:866$211'.
     1/1: $0\Q[0:0]
Creating decoders for process `\SB_DFFN.$proc$/usr/local/bin/../share/yosys/ice40/cells_sim.v:0$210'.
Creating decoders for process `\SB_DFFN.$proc$/usr/local/bin/../share/yosys/ice40/cells_sim.v:830$209'.
Creating decoders for process `\SB_DFFES.$proc$/usr/local/bin/../share/yosys/ice40/cells_sim.v:0$208'.
Creating decoders for process `\SB_DFFES.$proc$/usr/local/bin/../share/yosys/ice40/cells_sim.v:753$205'.
     1/1: $0\Q[0:0]
Creating decoders for process `\SB_DFFESS.$proc$/usr/local/bin/../share/yosys/ice40/cells_sim.v:0$204'.
Creating decoders for process `\SB_DFFESS.$proc$/usr/local/bin/../share/yosys/ice40/cells_sim.v:697$198'.
     1/1: $0\Q[0:0]
Creating decoders for process `\SB_DFFER.$proc$/usr/local/bin/../share/yosys/ice40/cells_sim.v:0$197'.
Creating decoders for process `\SB_DFFER.$proc$/usr/local/bin/../share/yosys/ice40/cells_sim.v:622$194'.
     1/1: $0\Q[0:0]
Creating decoders for process `\SB_DFFESR.$proc$/usr/local/bin/../share/yosys/ice40/cells_sim.v:0$193'.
Creating decoders for process `\SB_DFFESR.$proc$/usr/local/bin/../share/yosys/ice40/cells_sim.v:566$187'.
     1/1: $0\Q[0:0]
Creating decoders for process `\SB_DFFS.$proc$/usr/local/bin/../share/yosys/ice40/cells_sim.v:0$186'.
Creating decoders for process `\SB_DFFS.$proc$/usr/local/bin/../share/yosys/ice40/cells_sim.v:497$184'.
     1/1: $0\Q[0:0]
Creating decoders for process `\SB_DFFSS.$proc$/usr/local/bin/../share/yosys/ice40/cells_sim.v:0$183'.
Creating decoders for process `\SB_DFFSS.$proc$/usr/local/bin/../share/yosys/ice40/cells_sim.v:449$181'.
     1/1: $0\Q[0:0]
Creating decoders for process `\SB_DFFR.$proc$/usr/local/bin/../share/yosys/ice40/cells_sim.v:0$180'.
Creating decoders for process `\SB_DFFR.$proc$/usr/local/bin/../share/yosys/ice40/cells_sim.v:380$178'.
     1/1: $0\Q[0:0]
Creating decoders for process `\SB_DFFSR.$proc$/usr/local/bin/../share/yosys/ice40/cells_sim.v:0$177'.
Creating decoders for process `\SB_DFFSR.$proc$/usr/local/bin/../share/yosys/ice40/cells_sim.v:332$175'.
     1/1: $0\Q[0:0]
Creating decoders for process `\SB_DFFE.$proc$/usr/local/bin/../share/yosys/ice40/cells_sim.v:0$174'.
Creating decoders for process `\SB_DFFE.$proc$/usr/local/bin/../share/yosys/ice40/cells_sim.v:289$173'.
     1/1: $0\Q[0:0]
Creating decoders for process `\SB_DFF.$proc$/usr/local/bin/../share/yosys/ice40/cells_sim.v:0$172'.
Creating decoders for process `\SB_DFF.$proc$/usr/local/bin/../share/yosys/ice40/cells_sim.v:253$171'.
Creating decoders for process `\bcd7seg.$proc$bcd7seg.v:10$1'.
     1/2: $2\sseg_out[6:0]
     2/2: $1\sseg_out[6:0]

2.3.7. Executing PROC_DLATCH pass (convert process syncs to latches).
No latch inferred for signal `\bcd7seg.\sseg_out' from process `\bcd7seg.$proc$bcd7seg.v:10$1'.

2.3.8. Executing PROC_DFF pass (convert process syncs to FFs).
Creating register for signal `\SB_DFFNES.\Q' using process `\SB_DFFNES.$proc$/usr/local/bin/../share/yosys/ice40/cells_sim.v:1330$243'.
  created $adff cell `$procdff$445' with negative edge clock and positive level reset.
Creating register for signal `\SB_DFFNESS.\Q' using process `\SB_DFFNESS.$proc$/usr/local/bin/../share/yosys/ice40/cells_sim.v:1274$236'.
  created $dff cell `$procdff$446' with negative edge clock.
Creating register for signal `\SB_DFFNER.\Q' using process `\SB_DFFNER.$proc$/usr/local/bin/../share/yosys/ice40/cells_sim.v:1199$232'.
  created $adff cell `$procdff$447' with negative edge clock and positive level reset.
Creating register for signal `\SB_DFFNESR.\Q' using process `\SB_DFFNESR.$proc$/usr/local/bin/../share/yosys/ice40/cells_sim.v:1143$225'.
  created $dff cell `$procdff$448' with negative edge clock.
Creating register for signal `\SB_DFFNS.\Q' using process `\SB_DFFNS.$proc$/usr/local/bin/../share/yosys/ice40/cells_sim.v:1074$222'.
  created $adff cell `$procdff$449' with negative edge clock and positive level reset.
Creating register for signal `\SB_DFFNSS.\Q' using process `\SB_DFFNSS.$proc$/usr/local/bin/../share/yosys/ice40/cells_sim.v:1026$219'.
  created $dff cell `$procdff$450' with negative edge clock.
Creating register for signal `\SB_DFFNR.\Q' using process `\SB_DFFNR.$proc$/usr/local/bin/../share/yosys/ice40/cells_sim.v:957$216'.
  created $adff cell `$procdff$451' with negative edge clock and positive level reset.
Creating register for signal `\SB_DFFNSR.\Q' using process `\SB_DFFNSR.$proc$/usr/local/bin/../share/yosys/ice40/cells_sim.v:909$213'.
  created $dff cell `$procdff$452' with negative edge clock.
Creating register for signal `\SB_DFFNE.\Q' using process `\SB_DFFNE.$proc$/usr/local/bin/../share/yosys/ice40/cells_sim.v:866$211'.
  created $dff cell `$procdff$453' with negative edge clock.
Creating register for signal `\SB_DFFN.\Q' using process `\SB_DFFN.$proc$/usr/local/bin/../share/yosys/ice40/cells_sim.v:830$209'.
  created $dff cell `$procdff$454' with negative edge clock.
Creating register for signal `\SB_DFFES.\Q' using process `\SB_DFFES.$proc$/usr/local/bin/../share/yosys/ice40/cells_sim.v:753$205'.
  created $adff cell `$procdff$455' with positive edge clock and positive level reset.
Creating register for signal `\SB_DFFESS.\Q' using process `\SB_DFFESS.$proc$/usr/local/bin/../share/yosys/ice40/cells_sim.v:697$198'.
  created $dff cell `$procdff$456' with positive edge clock.
Creating register for signal `\SB_DFFER.\Q' using process `\SB_DFFER.$proc$/usr/local/bin/../share/yosys/ice40/cells_sim.v:622$194'.
  created $adff cell `$procdff$457' with positive edge clock and positive level reset.
Creating register for signal `\SB_DFFESR.\Q' using process `\SB_DFFESR.$proc$/usr/local/bin/../share/yosys/ice40/cells_sim.v:566$187'.
  created $dff cell `$procdff$458' with positive edge clock.
Creating register for signal `\SB_DFFS.\Q' using process `\SB_DFFS.$proc$/usr/local/bin/../share/yosys/ice40/cells_sim.v:497$184'.
  created $adff cell `$procdff$459' with positive edge clock and positive level reset.
Creating register for signal `\SB_DFFSS.\Q' using process `\SB_DFFSS.$proc$/usr/local/bin/../share/yosys/ice40/cells_sim.v:449$181'.
  created $dff cell `$procdff$460' with positive edge clock.
Creating register for signal `\SB_DFFR.\Q' using process `\SB_DFFR.$proc$/usr/local/bin/../share/yosys/ice40/cells_sim.v:380$178'.
  created $adff cell `$procdff$461' with positive edge clock and positive level reset.
Creating register for signal `\SB_DFFSR.\Q' using process `\SB_DFFSR.$proc$/usr/local/bin/../share/yosys/ice40/cells_sim.v:332$175'.
  created $dff cell `$procdff$462' with positive edge clock.
Creating register for signal `\SB_DFFE.\Q' using process `\SB_DFFE.$proc$/usr/local/bin/../share/yosys/ice40/cells_sim.v:289$173'.
  created $dff cell `$procdff$463' with positive edge clock.
Creating register for signal `\SB_DFF.\Q' using process `\SB_DFF.$proc$/usr/local/bin/../share/yosys/ice40/cells_sim.v:253$171'.
  created $dff cell `$procdff$464' with positive edge clock.

2.3.9. Executing PROC_MEMWR pass (convert process memory writes to cells).

2.3.10. Executing PROC_CLEAN pass (remove empty switches from decision trees).
Removing empty process `SB_DFFNES.$proc$/usr/local/bin/../share/yosys/ice40/cells_sim.v:0$246'.
Found and cleaned up 1 empty switch in `\SB_DFFNES.$proc$/usr/local/bin/../share/yosys/ice40/cells_sim.v:1330$243'.
Removing empty process `SB_DFFNES.$proc$/usr/local/bin/../share/yosys/ice40/cells_sim.v:1330$243'.
Removing empty process `SB_DFFNESS.$proc$/usr/local/bin/../share/yosys/ice40/cells_sim.v:0$242'.
Found and cleaned up 2 empty switches in `\SB_DFFNESS.$proc$/usr/local/bin/../share/yosys/ice40/cells_sim.v:1274$236'.
Removing empty process `SB_DFFNESS.$proc$/usr/local/bin/../share/yosys/ice40/cells_sim.v:1274$236'.
Removing empty process `SB_DFFNER.$proc$/usr/local/bin/../share/yosys/ice40/cells_sim.v:0$235'.
Found and cleaned up 1 empty switch in `\SB_DFFNER.$proc$/usr/local/bin/../share/yosys/ice40/cells_sim.v:1199$232'.
Removing empty process `SB_DFFNER.$proc$/usr/local/bin/../share/yosys/ice40/cells_sim.v:1199$232'.
Removing empty process `SB_DFFNESR.$proc$/usr/local/bin/../share/yosys/ice40/cells_sim.v:0$231'.
Found and cleaned up 2 empty switches in `\SB_DFFNESR.$proc$/usr/local/bin/../share/yosys/ice40/cells_sim.v:1143$225'.
Removing empty process `SB_DFFNESR.$proc$/usr/local/bin/../share/yosys/ice40/cells_sim.v:1143$225'.
Removing empty process `SB_DFFNS.$proc$/usr/local/bin/../share/yosys/ice40/cells_sim.v:0$224'.
Removing empty process `SB_DFFNS.$proc$/usr/local/bin/../share/yosys/ice40/cells_sim.v:1074$222'.
Removing empty process `SB_DFFNSS.$proc$/usr/local/bin/../share/yosys/ice40/cells_sim.v:0$221'.
Found and cleaned up 1 empty switch in `\SB_DFFNSS.$proc$/usr/local/bin/../share/yosys/ice40/cells_sim.v:1026$219'.
Removing empty process `SB_DFFNSS.$proc$/usr/local/bin/../share/yosys/ice40/cells_sim.v:1026$219'.
Removing empty process `SB_DFFNR.$proc$/usr/local/bin/../share/yosys/ice40/cells_sim.v:0$218'.
Removing empty process `SB_DFFNR.$proc$/usr/local/bin/../share/yosys/ice40/cells_sim.v:957$216'.
Removing empty process `SB_DFFNSR.$proc$/usr/local/bin/../share/yosys/ice40/cells_sim.v:0$215'.
Found and cleaned up 1 empty switch in `\SB_DFFNSR.$proc$/usr/local/bin/../share/yosys/ice40/cells_sim.v:909$213'.
Removing empty process `SB_DFFNSR.$proc$/usr/local/bin/../share/yosys/ice40/cells_sim.v:909$213'.
Removing empty process `SB_DFFNE.$proc$/usr/local/bin/../share/yosys/ice40/cells_sim.v:0$212'.
Found and cleaned up 1 empty switch in `\SB_DFFNE.$proc$/usr/local/bin/../share/yosys/ice40/cells_sim.v:866$211'.
Removing empty process `SB_DFFNE.$proc$/usr/local/bin/../share/yosys/ice40/cells_sim.v:866$211'.
Removing empty process `SB_DFFN.$proc$/usr/local/bin/../share/yosys/ice40/cells_sim.v:0$210'.
Removing empty process `SB_DFFN.$proc$/usr/local/bin/../share/yosys/ice40/cells_sim.v:830$209'.
Removing empty process `SB_DFFES.$proc$/usr/local/bin/../share/yosys/ice40/cells_sim.v:0$208'.
Found and cleaned up 1 empty switch in `\SB_DFFES.$proc$/usr/local/bin/../share/yosys/ice40/cells_sim.v:753$205'.
Removing empty process `SB_DFFES.$proc$/usr/local/bin/../share/yosys/ice40/cells_sim.v:753$205'.
Removing empty process `SB_DFFESS.$proc$/usr/local/bin/../share/yosys/ice40/cells_sim.v:0$204'.
Found and cleaned up 2 empty switches in `\SB_DFFESS.$proc$/usr/local/bin/../share/yosys/ice40/cells_sim.v:697$198'.
Removing empty process `SB_DFFESS.$proc$/usr/local/bin/../share/yosys/ice40/cells_sim.v:697$198'.
Removing empty process `SB_DFFER.$proc$/usr/local/bin/../share/yosys/ice40/cells_sim.v:0$197'.
Found and cleaned up 1 empty switch in `\SB_DFFER.$proc$/usr/local/bin/../share/yosys/ice40/cells_sim.v:622$194'.
Removing empty process `SB_DFFER.$proc$/usr/local/bin/../share/yosys/ice40/cells_sim.v:622$194'.
Removing empty process `SB_DFFESR.$proc$/usr/local/bin/../share/yosys/ice40/cells_sim.v:0$193'.
Found and cleaned up 2 empty switches in `\SB_DFFESR.$proc$/usr/local/bin/../share/yosys/ice40/cells_sim.v:566$187'.
Removing empty process `SB_DFFESR.$proc$/usr/local/bin/../share/yosys/ice40/cells_sim.v:566$187'.
Removing empty process `SB_DFFS.$proc$/usr/local/bin/../share/yosys/ice40/cells_sim.v:0$186'.
Removing empty process `SB_DFFS.$proc$/usr/local/bin/../share/yosys/ice40/cells_sim.v:497$184'.
Removing empty process `SB_DFFSS.$proc$/usr/local/bin/../share/yosys/ice40/cells_sim.v:0$183'.
Found and cleaned up 1 empty switch in `\SB_DFFSS.$proc$/usr/local/bin/../share/yosys/ice40/cells_sim.v:449$181'.
Removing empty process `SB_DFFSS.$proc$/usr/local/bin/../share/yosys/ice40/cells_sim.v:449$181'.
Removing empty process `SB_DFFR.$proc$/usr/local/bin/../share/yosys/ice40/cells_sim.v:0$180'.
Removing empty process `SB_DFFR.$proc$/usr/local/bin/../share/yosys/ice40/cells_sim.v:380$178'.
Removing empty process `SB_DFFSR.$proc$/usr/local/bin/../share/yosys/ice40/cells_sim.v:0$177'.
Found and cleaned up 1 empty switch in `\SB_DFFSR.$proc$/usr/local/bin/../share/yosys/ice40/cells_sim.v:332$175'.
Removing empty process `SB_DFFSR.$proc$/usr/local/bin/../share/yosys/ice40/cells_sim.v:332$175'.
Removing empty process `SB_DFFE.$proc$/usr/local/bin/../share/yosys/ice40/cells_sim.v:0$174'.
Found and cleaned up 1 empty switch in `\SB_DFFE.$proc$/usr/local/bin/../share/yosys/ice40/cells_sim.v:289$173'.
Removing empty process `SB_DFFE.$proc$/usr/local/bin/../share/yosys/ice40/cells_sim.v:289$173'.
Removing empty process `SB_DFF.$proc$/usr/local/bin/../share/yosys/ice40/cells_sim.v:0$172'.
Removing empty process `SB_DFF.$proc$/usr/local/bin/../share/yosys/ice40/cells_sim.v:253$171'.
Found and cleaned up 2 empty switches in `\bcd7seg.$proc$bcd7seg.v:10$1'.
Removing empty process `bcd7seg.$proc$bcd7seg.v:10$1'.
Cleaned up 20 empty switches.

2.4. Executing FLATTEN pass (flatten design).

2.5. Executing TRIBUF pass.

2.6. Executing DEMINOUT pass (demote inout ports to input or output).

2.7. Executing OPT_EXPR pass (perform const folding).
Optimizing module bcd7seg.
<suppressed ~1 debug messages>

2.8. Executing OPT_CLEAN pass (remove unused cells and wires).
Finding unused cells or wires in module \bcd7seg..
Removed 0 unused cells and 4 unused wires.
<suppressed ~1 debug messages>

2.9. Executing CHECK pass (checking for obvious problems).
Checking module bcd7seg...
Found and reported 0 problems.

2.10. Executing OPT pass (performing simple optimizations).

2.10.1. Executing OPT_EXPR pass (perform const folding).
Optimizing module bcd7seg.

2.10.2. Executing OPT_MERGE pass (detect identical cells).
Finding identical cells in module `\bcd7seg'.
Removed a total of 0 cells.

2.10.3. Executing OPT_MUXTREE pass (detect dead branches in mux trees).
Running muxtree optimizer on module \bcd7seg..
  Creating internal representation of mux trees.
  Evaluating internal representation of mux trees.
  Analyzing evaluation results.
Removed 0 multiplexer ports.
<suppressed ~1 debug messages>

2.10.4. Executing OPT_REDUCE pass (consolidate $*mux and $reduce_* inputs).
  Optimizing cells in module \bcd7seg.
Performed a total of 0 changes.

2.10.5. Executing OPT_MERGE pass (detect identical cells).
Finding identical cells in module `\bcd7seg'.
Removed a total of 0 cells.

2.10.6. Executing OPT_DFF pass (perform DFF optimizations).

2.10.7. Executing OPT_CLEAN pass (remove unused cells and wires).
Finding unused cells or wires in module \bcd7seg..

2.10.8. Executing OPT_EXPR pass (perform const folding).
Optimizing module bcd7seg.

2.10.9. Finished OPT passes. (There is nothing left to do.)

2.11. Executing FSM pass (extract and optimize FSM).

2.11.1. Executing FSM_DETECT pass (finding FSMs in design).

2.11.2. Executing FSM_EXTRACT pass (extracting FSM from design).

2.11.3. Executing FSM_OPT pass (simple optimizations of FSMs).

2.11.4. Executing OPT_CLEAN pass (remove unused cells and wires).
Finding unused cells or wires in module \bcd7seg..

2.11.5. Executing FSM_OPT pass (simple optimizations of FSMs).

2.11.6. Executing FSM_RECODE pass (re-assigning FSM state encoding).

2.11.7. Executing FSM_INFO pass (dumping all available information on FSM cells).

2.11.8. Executing FSM_MAP pass (mapping FSMs to basic logic).

2.12. Executing OPT pass (performing simple optimizations).

2.12.1. Executing OPT_EXPR pass (perform const folding).
Optimizing module bcd7seg.

2.12.2. Executing OPT_MERGE pass (detect identical cells).
Finding identical cells in module `\bcd7seg'.
Removed a total of 0 cells.

2.12.3. Executing OPT_MUXTREE pass (detect dead branches in mux trees).
Running muxtree optimizer on module \bcd7seg..
  Creating internal representation of mux trees.
  Evaluating internal representation of mux trees.
  Analyzing evaluation results.
Removed 0 multiplexer ports.
<suppressed ~1 debug messages>

2.12.4. Executing OPT_REDUCE pass (consolidate $*mux and $reduce_* inputs).
  Optimizing cells in module \bcd7seg.
Performed a total of 0 changes.

2.12.5. Executing OPT_MERGE pass (detect identical cells).
Finding identical cells in module `\bcd7seg'.
Removed a total of 0 cells.

2.12.6. Executing OPT_DFF pass (perform DFF optimizations).

2.12.7. Executing OPT_CLEAN pass (remove unused cells and wires).
Finding unused cells or wires in module \bcd7seg..

2.12.8. Executing OPT_EXPR pass (perform const folding).
Optimizing module bcd7seg.

2.12.9. Finished OPT passes. (There is nothing left to do.)

2.13. Executing WREDUCE pass (reducing word size of cells).
Removed top 1 bits (of 4) from port B of cell bcd7seg.$procmux$437_CMP0 ($eq).
Removed top 1 bits (of 4) from port B of cell bcd7seg.$procmux$438_CMP0 ($eq).
Removed top 1 bits (of 4) from port B of cell bcd7seg.$procmux$439_CMP0 ($eq).
Removed top 1 bits (of 4) from port B of cell bcd7seg.$procmux$440_CMP0 ($eq).
Removed top 2 bits (of 4) from port B of cell bcd7seg.$procmux$441_CMP0 ($eq).
Removed top 2 bits (of 4) from port B of cell bcd7seg.$procmux$442_CMP0 ($eq).
Removed top 3 bits (of 4) from port B of cell bcd7seg.$procmux$443_CMP0 ($eq).

2.14. Executing PEEPOPT pass (run peephole optimizers).

2.15. Executing OPT_CLEAN pass (remove unused cells and wires).
Finding unused cells or wires in module \bcd7seg..

2.16. Executing SHARE pass (SAT-based resource sharing).

2.17. Executing TECHMAP pass (map to technology primitives).

2.17.1. Executing Verilog-2005 frontend: /usr/local/bin/../share/yosys/cmp2lut.v
Parsing Verilog input from `/usr/local/bin/../share/yosys/cmp2lut.v' to AST representation.
Generating RTLIL representation for module `\_90_lut_cmp_'.
Successfully finished Verilog frontend.

2.17.2. Continuing TECHMAP pass.
No more expansions possible.
<suppressed ~6 debug messages>

2.18. Executing OPT_EXPR pass (perform const folding).
Optimizing module bcd7seg.

2.19. Executing OPT_CLEAN pass (remove unused cells and wires).
Finding unused cells or wires in module \bcd7seg..

2.20. Executing ALUMACC pass (create $alu and $macc cells).
Extracting $alu and $macc cells in module bcd7seg:
  created 0 $alu and 0 $macc cells.

2.21. Executing OPT pass (performing simple optimizations).

2.21.1. Executing OPT_EXPR pass (perform const folding).
Optimizing module bcd7seg.

2.21.2. Executing OPT_MERGE pass (detect identical cells).
Finding identical cells in module `\bcd7seg'.
Removed a total of 0 cells.

2.21.3. Executing OPT_MUXTREE pass (detect dead branches in mux trees).
Running muxtree optimizer on module \bcd7seg..
  Creating internal representation of mux trees.
  Evaluating internal representation of mux trees.
  Analyzing evaluation results.
Removed 0 multiplexer ports.
<suppressed ~1 debug messages>

2.21.4. Executing OPT_REDUCE pass (consolidate $*mux and $reduce_* inputs).
  Optimizing cells in module \bcd7seg.
Performed a total of 0 changes.

2.21.5. Executing OPT_MERGE pass (detect identical cells).
Finding identical cells in module `\bcd7seg'.
Removed a total of 0 cells.

2.21.6. Executing OPT_DFF pass (perform DFF optimizations).

2.21.7. Executing OPT_CLEAN pass (remove unused cells and wires).
Finding unused cells or wires in module \bcd7seg..

2.21.8. Executing OPT_EXPR pass (perform const folding).
Optimizing module bcd7seg.

2.21.9. Finished OPT passes. (There is nothing left to do.)

2.22. Executing MEMORY pass.

2.22.1. Executing OPT_MEM pass (optimize memories).
Performed a total of 0 transformations.

2.22.2. Executing MEMORY_DFF pass (merging $dff cells to $memrd).

2.22.3. Executing OPT_CLEAN pass (remove unused cells and wires).
Finding unused cells or wires in module \bcd7seg..

2.22.4. Executing MEMORY_SHARE pass (consolidating $memrd/$memwr cells).

2.22.5. Executing OPT_CLEAN pass (remove unused cells and wires).
Finding unused cells or wires in module \bcd7seg..

2.22.6. Executing MEMORY_COLLECT pass (generating $mem cells).

2.23. Executing OPT_CLEAN pass (remove unused cells and wires).
Finding unused cells or wires in module \bcd7seg..

2.24. Executing MEMORY_BRAM pass (mapping $mem cells to block memories).

2.25. Executing TECHMAP pass (map to technology primitives).

2.25.1. Executing Verilog-2005 frontend: /usr/local/bin/../share/yosys/ice40/brams_map.v
Parsing Verilog input from `/usr/local/bin/../share/yosys/ice40/brams_map.v' to AST representation.
Generating RTLIL representation for module `\$__ICE40_RAM4K'.
Generating RTLIL representation for module `\$__ICE40_RAM4K_M0'.
Generating RTLIL representation for module `\$__ICE40_RAM4K_M123'.
Successfully finished Verilog frontend.

2.25.2. Continuing TECHMAP pass.
No more expansions possible.
<suppressed ~5 debug messages>

2.26. Executing ICE40_BRAMINIT pass.

2.27. Executing OPT pass (performing simple optimizations).

2.27.1. Executing OPT_EXPR pass (perform const folding).
Optimizing module bcd7seg.
<suppressed ~1 debug messages>

2.27.2. Executing OPT_MERGE pass (detect identical cells).
Finding identical cells in module `\bcd7seg'.
Removed a total of 0 cells.

2.27.3. Executing OPT_DFF pass (perform DFF optimizations).

2.27.4. Executing OPT_CLEAN pass (remove unused cells and wires).
Finding unused cells or wires in module \bcd7seg..
Removed 1 unused cells and 1 unused wires.
<suppressed ~2 debug messages>

2.27.5. Finished fast OPT passes.

2.28. Executing MEMORY_MAP pass (converting memories to logic and flip-flops).

2.29. Executing OPT pass (performing simple optimizations).

2.29.1. Executing OPT_EXPR pass (perform const folding).
Optimizing module bcd7seg.

2.29.2. Executing OPT_MERGE pass (detect identical cells).
Finding identical cells in module `\bcd7seg'.
Removed a total of 0 cells.

2.29.3. Executing OPT_MUXTREE pass (detect dead branches in mux trees).
Running muxtree optimizer on module \bcd7seg..
  Creating internal representation of mux trees.
  Evaluating internal representation of mux trees.
  Analyzing evaluation results.
Removed 0 multiplexer ports.
<suppressed ~1 debug messages>

2.29.4. Executing OPT_REDUCE pass (consolidate $*mux and $reduce_* inputs).
  Optimizing cells in module \bcd7seg.
Performed a total of 0 changes.

2.29.5. Executing OPT_MERGE pass (detect identical cells).
Finding identical cells in module `\bcd7seg'.
Removed a total of 0 cells.

2.29.6. Executing OPT_DFF pass (perform DFF optimizations).

2.29.7. Executing OPT_CLEAN pass (remove unused cells and wires).
Finding unused cells or wires in module \bcd7seg..

2.29.8. Executing OPT_EXPR pass (perform const folding).
Optimizing module bcd7seg.

2.29.9. Finished OPT passes. (There is nothing left to do.)

2.30. Executing ICE40_WRAPCARRY pass (wrap carries).

2.31. Executing TECHMAP pass (map to technology primitives).

2.31.1. Executing Verilog-2005 frontend: /usr/local/bin/../share/yosys/techmap.v
Parsing Verilog input from `/usr/local/bin/../share/yosys/techmap.v' to AST representation.
Generating RTLIL representation for module `\_90_simplemap_bool_ops'.
Generating RTLIL representation for module `\_90_simplemap_reduce_ops'.
Generating RTLIL representation for module `\_90_simplemap_logic_ops'.
Generating RTLIL representation for module `\_90_simplemap_compare_ops'.
Generating RTLIL representation for module `\_90_simplemap_various'.
Generating RTLIL representation for module `\_90_simplemap_registers'.
Generating RTLIL representation for module `\_90_shift_ops_shr_shl_sshl_sshr'.
Generating RTLIL representation for module `\_90_shift_shiftx'.
Generating RTLIL representation for module `\_90_fa'.
Generating RTLIL representation for module `\_90_lcu'.
Generating RTLIL representation for module `\_90_alu'.
Generating RTLIL representation for module `\_90_macc'.
Generating RTLIL representation for module `\_90_alumacc'.
Generating RTLIL representation for module `\$__div_mod_u'.
Generating RTLIL representation for module `\$__div_mod_trunc'.
Generating RTLIL representation for module `\_90_div'.
Generating RTLIL representation for module `\_90_mod'.
Generating RTLIL representation for module `\$__div_mod_floor'.
Generating RTLIL representation for module `\_90_divfloor'.
Generating RTLIL representation for module `\_90_modfloor'.
Generating RTLIL representation for module `\_90_pow'.
Generating RTLIL representation for module `\_90_pmux'.
Generating RTLIL representation for module `\_90_lut'.
Successfully finished Verilog frontend.

2.31.2. Executing Verilog-2005 frontend: /usr/local/bin/../share/yosys/ice40/arith_map.v
Parsing Verilog input from `/usr/local/bin/../share/yosys/ice40/arith_map.v' to AST representation.
Generating RTLIL representation for module `\_80_ice40_alu'.
Successfully finished Verilog frontend.

2.31.3. Continuing TECHMAP pass.
Using extmapper simplemap for cells of type $not.
Using extmapper simplemap for cells of type $eq.
Using template $paramod\_90_pmux\WIDTH=7\S_WIDTH=15 for cells of type $pmux.
Using extmapper simplemap for cells of type $reduce_or.
Using extmapper simplemap for cells of type $and.
Using extmapper simplemap for cells of type $mux.
No more expansions possible.
<suppressed ~121 debug messages>

2.32. Executing OPT pass (performing simple optimizations).

2.32.1. Executing OPT_EXPR pass (perform const folding).
Optimizing module bcd7seg.
<suppressed ~198 debug messages>

2.32.2. Executing OPT_MERGE pass (detect identical cells).
Finding identical cells in module `\bcd7seg'.
<suppressed ~252 debug messages>
Removed a total of 84 cells.

2.32.3. Executing OPT_DFF pass (perform DFF optimizations).

2.32.4. Executing OPT_CLEAN pass (remove unused cells and wires).
Finding unused cells or wires in module \bcd7seg..
Removed 0 unused cells and 130 unused wires.
<suppressed ~1 debug messages>

2.32.5. Finished fast OPT passes.

2.33. Executing ICE40_OPT pass (performing simple optimizations).

2.33.1. Running ICE40 specific optimizations.

2.33.2. Executing OPT_EXPR pass (perform const folding).
Optimizing module bcd7seg.

2.33.3. Executing OPT_MERGE pass (detect identical cells).
Finding identical cells in module `\bcd7seg'.
Removed a total of 0 cells.

2.33.4. Executing OPT_DFF pass (perform DFF optimizations).

2.33.5. Executing OPT_CLEAN pass (remove unused cells and wires).
Finding unused cells or wires in module \bcd7seg..

2.33.6. Finished OPT passes. (There is nothing left to do.)

2.34. Executing DFFLEGALIZE pass (convert FFs to types supported by the target).

2.35. Executing TECHMAP pass (map to technology primitives).

2.35.1. Executing Verilog-2005 frontend: /usr/local/bin/../share/yosys/ice40/ff_map.v
Parsing Verilog input from `/usr/local/bin/../share/yosys/ice40/ff_map.v' to AST representation.
Generating RTLIL representation for module `\$_DFF_N_'.
Generating RTLIL representation for module `\$_DFF_P_'.
Generating RTLIL representation for module `\$_DFFE_NP_'.
Generating RTLIL representation for module `\$_DFFE_PP_'.
Generating RTLIL representation for module `\$_DFF_NP0_'.
Generating RTLIL representation for module `\$_DFF_NP1_'.
Generating RTLIL representation for module `\$_DFF_PP0_'.
Generating RTLIL representation for module `\$_DFF_PP1_'.
Generating RTLIL representation for module `\$_DFFE_NP0P_'.
Generating RTLIL representation for module `\$_DFFE_NP1P_'.
Generating RTLIL representation for module `\$_DFFE_PP0P_'.
Generating RTLIL representation for module `\$_DFFE_PP1P_'.
Generating RTLIL representation for module `\$_SDFF_NP0_'.
Generating RTLIL representation for module `\$_SDFF_NP1_'.
Generating RTLIL representation for module `\$_SDFF_PP0_'.
Generating RTLIL representation for module `\$_SDFF_PP1_'.
Generating RTLIL representation for module `\$_SDFFCE_NP0P_'.
Generating RTLIL representation for module `\$_SDFFCE_NP1P_'.
Generating RTLIL representation for module `\$_SDFFCE_PP0P_'.
Generating RTLIL representation for module `\$_SDFFCE_PP1P_'.
Successfully finished Verilog frontend.

2.35.2. Continuing TECHMAP pass.
No more expansions possible.
<suppressed ~22 debug messages>

2.36. Executing OPT_EXPR pass (perform const folding).
Optimizing module bcd7seg.

2.37. Executing SIMPLEMAP pass (map simple cells to gate primitives).

2.38. Executing ICE40_OPT pass (performing simple optimizations).

2.38.1. Running ICE40 specific optimizations.

2.38.2. Executing OPT_EXPR pass (perform const folding).
Optimizing module bcd7seg.
<suppressed ~1 debug messages>

2.38.3. Executing OPT_MERGE pass (detect identical cells).
Finding identical cells in module `\bcd7seg'.
Removed a total of 0 cells.

2.38.4. Executing OPT_DFF pass (perform DFF optimizations).

2.38.5. Executing OPT_CLEAN pass (remove unused cells and wires).
Finding unused cells or wires in module \bcd7seg..

2.38.6. Rerunning OPT passes. (Removed registers in this run.)

2.38.7. Running ICE40 specific optimizations.

2.38.8. Executing OPT_EXPR pass (perform const folding).
Optimizing module bcd7seg.

2.38.9. Executing OPT_MERGE pass (detect identical cells).
Finding identical cells in module `\bcd7seg'.
Removed a total of 0 cells.

2.38.10. Executing OPT_DFF pass (perform DFF optimizations).

2.38.11. Executing OPT_CLEAN pass (remove unused cells and wires).
Finding unused cells or wires in module \bcd7seg..

2.38.12. Finished OPT passes. (There is nothing left to do.)

2.39. Executing TECHMAP pass (map to technology primitives).

2.39.1. Executing Verilog-2005 frontend: /usr/local/bin/../share/yosys/ice40/latches_map.v
Parsing Verilog input from `/usr/local/bin/../share/yosys/ice40/latches_map.v' to AST representation.
Generating RTLIL representation for module `\$_DLATCH_N_'.
Generating RTLIL representation for module `\$_DLATCH_P_'.
Successfully finished Verilog frontend.

2.39.2. Continuing TECHMAP pass.
No more expansions possible.
<suppressed ~4 debug messages>

2.40. Executing ABC pass (technology mapping using ABC).

2.40.1. Extracting gate netlist of module `\bcd7seg' to `<abc-temp-dir>/input.blif'..
Extracted 101 gates and 106 wires to a netlist network with 4 inputs and 7 outputs.

2.40.1.1. Executing ABC.
Running ABC command: <yosys-exe-dir>/yosys-abc -s -f <abc-temp-dir>/abc.script 2>&1
ABC: ABC command line: "source <abc-temp-dir>/abc.script".
ABC: 
ABC: + read_blif <abc-temp-dir>/input.blif 
ABC: + read_lut <abc-temp-dir>/lutdefs.txt 
ABC: + strash 
ABC: + ifraig 
ABC: + scorr 
ABC: Warning: The network is combinational (run "fraig" or "fraig_sweep").
ABC: + dc2 
ABC: + dretime 
ABC: + strash 
ABC: + dch -f 
ABC: + if 
ABC: + mfs2 
ABC: + lutpack -S 1 
ABC: + dress 
ABC: Total number of equiv classes                =       8.
ABC: Participating nodes from both networks       =      23.
ABC: Participating nodes from the first network   =       7. (  87.50 % of nodes)
ABC: Participating nodes from the second network  =      16. ( 200.00 % of nodes)
ABC: Node pairs (any polarity)                    =       7. (  87.50 % of names can be moved)
ABC: Node pairs (same polarity)                   =       7. (  87.50 % of names can be moved)
ABC: Total runtime =     0.00 sec
ABC: + write_blif <abc-temp-dir>/output.blif 

2.40.1.2. Re-integrating ABC results.
ABC RESULTS:              $lut cells:        7
ABC RESULTS:        internal signals:       95
ABC RESULTS:           input signals:        4
ABC RESULTS:          output signals:        7
Removing temp directory.

2.41. Executing ICE40_WRAPCARRY pass (wrap carries).

2.42. Executing TECHMAP pass (map to technology primitives).

2.42.1. Executing Verilog-2005 frontend: /usr/local/bin/../share/yosys/ice40/ff_map.v
Parsing Verilog input from `/usr/local/bin/../share/yosys/ice40/ff_map.v' to AST representation.
Generating RTLIL representation for module `\$_DFF_N_'.
Generating RTLIL representation for module `\$_DFF_P_'.
Generating RTLIL representation for module `\$_DFFE_NP_'.
Generating RTLIL representation for module `\$_DFFE_PP_'.
Generating RTLIL representation for module `\$_DFF_NP0_'.
Generating RTLIL representation for module `\$_DFF_NP1_'.
Generating RTLIL representation for module `\$_DFF_PP0_'.
Generating RTLIL representation for module `\$_DFF_PP1_'.
Generating RTLIL representation for module `\$_DFFE_NP0P_'.
Generating RTLIL representation for module `\$_DFFE_NP1P_'.
Generating RTLIL representation for module `\$_DFFE_PP0P_'.
Generating RTLIL representation for module `\$_DFFE_PP1P_'.
Generating RTLIL representation for module `\$_SDFF_NP0_'.
Generating RTLIL representation for module `\$_SDFF_NP1_'.
Generating RTLIL representation for module `\$_SDFF_PP0_'.
Generating RTLIL representation for module `\$_SDFF_PP1_'.
Generating RTLIL representation for module `\$_SDFFCE_NP0P_'.
Generating RTLIL representation for module `\$_SDFFCE_NP1P_'.
Generating RTLIL representation for module `\$_SDFFCE_PP0P_'.
Generating RTLIL representation for module `\$_SDFFCE_PP1P_'.
Successfully finished Verilog frontend.

2.42.2. Continuing TECHMAP pass.
No more expansions possible.
<suppressed ~22 debug messages>
Removed 0 unused cells and 58 unused wires.

2.43. Executing OPT_LUT pass (optimize LUTs).
Discovering LUTs.
Number of LUTs:        7
  4-LUT                7

Eliminating LUTs.
Number of LUTs:        7
  4-LUT                7

Combining LUTs.
Number of LUTs:        7
  4-LUT                7

Eliminated 0 LUTs.
Combined 0 LUTs.
<suppressed ~14 debug messages>

2.44. Executing TECHMAP pass (map to technology primitives).

2.44.1. Executing Verilog-2005 frontend: /usr/local/bin/../share/yosys/ice40/cells_map.v
Parsing Verilog input from `/usr/local/bin/../share/yosys/ice40/cells_map.v' to AST representation.
Generating RTLIL representation for module `\$lut'.
Successfully finished Verilog frontend.

2.44.2. Continuing TECHMAP pass.
Using template $paramod\$lut\WIDTH=4\LUT=16'0001100000000011 for cells of type $lut.
Using template $paramod\$lut\WIDTH=4\LUT=16'0100000010110010 for cells of type $lut.
Using template $paramod\$lut\WIDTH=4\LUT=16'0101011100010000 for cells of type $lut.
Using template $paramod\$lut\WIDTH=4\LUT=16'1100000100011000 for cells of type $lut.
Using template $paramod\$lut\WIDTH=4\LUT=16'1101000000000100 for cells of type $lut.
Using template $paramod\$lut\WIDTH=4\LUT=16'1001100011100000 for cells of type $lut.
Using template $paramod\$lut\WIDTH=4\LUT=16'0100100100010000 for cells of type $lut.
No more expansions possible.
<suppressed ~101 debug messages>
Removed 0 unused cells and 14 unused wires.

2.45. Executing AUTONAME pass.
Renamed 7 objects in module bcd7seg (2 iterations).
<suppressed ~7 debug messages>

2.46. Executing HIERARCHY pass (managing design hierarchy).

2.46.1. Analyzing design hierarchy..
Top module:  \bcd7seg

2.46.2. Analyzing design hierarchy..
Top module:  \bcd7seg
Removed 0 unused modules.

2.47. Printing statistics.

=== bcd7seg ===

   Number of wires:                  3
   Number of wire bits:             15
   Number of public wires:           3
   Number of public wire bits:      15
   Number of memories:               0
   Number of memory bits:            0
   Number of processes:              0
   Number of cells:                  7
     SB_LUT4                         7

2.48. Executing CHECK pass (checking for obvious problems).
Checking module bcd7seg...
Found and reported 0 problems.

2.49. Executing JSON backend.

End of script. Logfile hash: 5220d0220f, CPU: user 0.48s system 0.06s, MEM: 55.83 MB peak
Yosys 0.9+4008 (git sha1 cae905f5, clang 7.0.1-8+deb10u2 -fPIC -Os)
Time spent: 37% 11x read_verilog (0 sec), 24% 1x abc (0 sec), ...
